{"numTotalTestSuites":2,"numPassedTestSuites":0,"numFailedTestSuites":2,"numPendingTestSuites":0,"numTotalTests":1,"numPassedTests":0,"numFailedTests":1,"numPendingTests":0,"numTodoTests":0,"snapshot":{"added":0,"failure":false,"filesAdded":0,"filesRemoved":0,"filesRemovedList":[],"filesUnmatched":0,"filesUpdated":0,"matched":0,"total":0,"unchecked":0,"uncheckedKeysByFile":[],"unmatched":0,"updated":0,"didUpdate":false},"startTime":1789740889920,"success":false,"testResults":[{"assertionResults":[{"ancestorTitles":["App"],"fullName":"App should create the app","status":"failed","title":"should create the app","duration":3.886800000000221,"failureMessages":["Error: Component 'App' is not resolved:\n - templateUrl: ./app.html\n - styleUrl: ./app.css\nDid you run and wait for 'resolveComponentResources()'?\n    at App.get (file:///C:/Users/BPI0069418/Documents/AgroAgrega/E-commerce-AgroAgrega/e-commerce-AgroAgrega/node_modules/@angular/core/fesm2022/_debug_node-chunk.mjs:17800:17)\n    at getComponentDef (file:///C:/Users/BPI0069418/Documents/AgroAgrega/E-commerce-AgroAgrega/e-commerce-AgroAgrega/node_modules/@angular/core/fesm2022/testing.mjs:1154:16)\n    at isStandaloneComponent (file:///C:/Users/BPI0069418/Documents/AgroAgrega/E-commerce-AgroAgrega/e-commerce-AgroAgrega/node_modules/@angular/core/fesm2022/testing.mjs:1150:15)\n    at queueTypesFromModulesArrayRecur (file:///C:/Users/BPI0069418/Documents/AgroAgrega/E-commerce-AgroAgrega/e-commerce-AgroAgrega/node_modules/@angular/core/fesm2022/testing.mjs:925:20)\n    at TestBedCompiler.queueTypesFromModulesArray (file:///C:/Users/BPI0069418/Documents/AgroAgrega/E-commerce-AgroAgrega/e-commerce-AgroAgrega/node_modules/@angular/core/fesm2022/testing.mjs:943:5)\n    at TestBedCompiler.configureTestingModule (file:///C:/Users/BPI0069418/Documents/AgroAgrega/E-commerce-AgroAgrega/e-commerce-AgroAgrega/node_modules/@angular/core/fesm2022/testing.mjs:567:12)\n    at TestBedImpl.configureTestingModule (file:///C:/Users/BPI0069418/Documents/AgroAgrega/E-commerce-AgroAgrega/e-commerce-AgroAgrega/node_modules/@angular/core/fesm2022/testing.mjs:1402:19)\n    at TestBedImpl.configureTestingModule (file:///C:/Users/BPI0069418/Documents/AgroAgrega/E-commerce-AgroAgrega/e-commerce-AgroAgrega/node_modules/@angular/core/fesm2022/testing.mjs:1273:33)\n    at C:/Users/BPI0069418/Documents/AgroAgrega/E-commerce-AgroAgrega/e-commerce-AgroAgrega/src/app/app.spec.ts:7:19\n    at file:///C:/Users/BPI0069418/Documents/AgroAgrega/E-commerce-AgroAgrega/e-commerce-AgroAgrega/node_modules/@vitest/runner/dist/chunk-artifact.js:302:11"],"meta":{},"tags":[]}],"startTime":1789740895742,"endTime":1789740895745.8867,"status":"failed","message":"","name":"C:/Users/BPI0069418/Documents/AgroAgrega/E-commerce-AgroAgrega/e-commerce-AgroAgrega/src/app/app.spec.ts"}]}