{"numTotalTestSuites":64,"numPassedTestSuites":14,"numFailedTestSuites":50,"numPendingTestSuites":0,"numTotalTests":69,"numPassedTests":23,"numFailedTests":46,"numPendingTests":0,"numTodoTests":0,"snapshot":{"added":0,"failure":false,"filesAdded":0,"filesRemoved":0,"filesRemovedList":[],"filesUnmatched":0,"filesUpdated":0,"matched":0,"total":0,"unchecked":0,"uncheckedKeysByFile":[],"unmatched":0,"updated":0,"didUpdate":false},"startTime":1789740917440,"success":false,"testResults":[{"assertionResults":[{"ancestorTitles":["App"],"fullName":"App should create the app","status":"failed","title":"should create the app","duration":5.703799999999319,"failureMessages":["Error: Component 'App' is not resolved:\n - templateUrl: ./app.html\n - styleUrl: ./app.css\nDid you run and wait for 'resolveComponentResources()'?\n    at App.get (file:///C:/Users/BPI0069418/Documents/AgroAgrega/E-commerce-AgroAgrega/e-commerce-AgroAgrega/node_modules/@angular/core/fesm2022/_debug_node-chunk.mjs:17800:17)\n    at getComponentDef (file:///C:/Users/BPI0069418/Documents/AgroAgrega/E-commerce-AgroAgrega/e-commerce-AgroAgrega/node_modules/@angular/core/fesm2022/testing.mjs:1154:16)\n    at isStandaloneComponent (file:///C:/Users/BPI0069418/Documents/AgroAgrega/E-commerce-AgroAgrega/e-commerce-AgroAgrega/node_modules/@angular/core/fesm2022/testing.mjs:1150:15)\n    at queueTypesFromModulesArrayRecur (file:///C:/Users/BPI0069418/Documents/AgroAgrega/E-commerce-AgroAgrega/e-commerce-AgroAgrega/node_modules/@angular/core/fesm2022/testing.mjs:925:20)\n    at TestBedCompiler.queueTypesFromModulesArray (file:///C:/Users/BPI0069418/Documents/AgroAgrega/E-commerce-AgroAgrega/e-commerce-AgroAgrega/node_modules/@angular/core/fesm2022/testing.mjs:943:5)\n    at TestBedCompiler.configureTestingModule (file:///C:/Users/BPI0069418/Documents/AgroAgrega/E-commerce-AgroAgrega/e-commerce-AgroAgrega/node_modules/@angular/core/fesm2022/testing.mjs:567:12)\n    at TestBedImpl.configureTestingModule (file:///C:/Users/BPI0069418/Documents/AgroAgrega/E-commerce-AgroAgrega/e-commerce-AgroAgrega/node_modules/@angular/core/fesm2022/testing.mjs:1402:19)\n    at TestBedImpl.configureTestingModule (file:///C:/Users/BPI0069418/Documents/AgroAgrega/E-commerce-AgroAgrega/e-commerce-AgroAgrega/node_modules/@angular/core/fesm2022/testing.mjs:1273:33)\n    at C:/Users/BPI0069418/Documents/AgroAgrega/E-commerce-AgroAgrega/e-commerce-AgroAgrega/src/app/app.spec.ts:7:19\n    at file:///C:/Users/BPI0069418/Documents/AgroAgrega/E-commerce-AgroAgrega/e-commerce-AgroAgrega/node_modules/@vitest/runner/dist/chunk-artifact.js:302:11"],"meta":{},"tags":[]}],"startTime":1789740935895,"endTime":1789740935900.7039,"status":"failed","message":"","name":"C:/Users/BPI0069418/Documents/AgroAgrega/E-commerce-AgroAgrega/e-commerce-AgroAgrega/src/app/app.spec.ts"},{"assertionResults":[{"ancestorTitles":["AboutUsComponent"],"fullName":"AboutUsComponent should create","status":"failed","title":"should create","duration":4.424699999999575,"failureMessages":["Error: Component 'AboutUsComponent' is not resolved:\n - templateUrl: ./about-us.html\n - styleUrl: ./about-us.css\nDid you run and wait for 'resolveComponentResources()'?\n    at AboutUsComponent.get (file:///C:/Users/BPI0069418/Documents/AgroAgrega/E-commerce-AgroAgrega/e-commerce-AgroAgrega/node_modules/@angular/core/fesm2022/_debug_node-chunk.mjs:17800:17)\n    at getComponentDef (file:///C:/Users/BPI0069418/Documents/AgroAgrega/E-commerce-AgroAgrega/e-commerce-AgroAgrega/node_modules/@angular/core/fesm2022/testing.mjs:1154:16)\n    at isStandaloneComponent (file:///C:/Users/BPI0069418/Documents/AgroAgrega/E-commerce-AgroAgrega/e-commerce-AgroAgrega/node_modules/@angular/core/fesm2022/testing.mjs:1150:15)\n    at queueTypesFromModulesArrayRecur (file:///C:/Users/BPI0069418/Documents/AgroAgrega/E-commerce-AgroAgrega/e-commerce-AgroAgrega/node_modules/@angular/core/fesm2022/testing.mjs:925:20)\n    at TestBedCompiler.queueTypesFromModulesArray (file:///C:/Users/BPI0069418/Documents/AgroAgrega/E-commerce-AgroAgrega/e-commerce-AgroAgrega/node_modules/@angular/core/fesm2022/testing.mjs:943:5)\n    at TestBedCompiler.configureTestingModule (file:///C:/Users/BPI0069418/Documents/AgroAgrega/E-commerce-AgroAgrega/e-commerce-AgroAgrega/node_modules/@angular/core/fesm2022/testing.mjs:567:12)\n    at TestBedImpl.configureTestingModule (file:///C:/Users/BPI0069418/Documents/AgroAgrega/E-commerce-AgroAgrega/e-commerce-AgroAgrega/node_modules/@angular/core/fesm2022/testing.mjs:1402:19)\n    at TestBedImpl.configureTestingModule (file:///C:/Users/BPI0069418/Documents/AgroAgrega/E-commerce-AgroAgrega/e-commerce-AgroAgrega/node_modules/@angular/core/fesm2022/testing.mjs:1273:33)\n    at C:/Users/BPI0069418/Documents/AgroAgrega/E-commerce-AgroAgrega/e-commerce-AgroAgrega/src/app/features/about-us/about-us.spec.ts:10:19\n    at file:///C:/Users/BPI0069418/Documents/AgroAgrega/E-commerce-AgroAgrega/e-commerce-AgroAgrega/node_modules/@vitest/runner/dist/chunk-artifact.js:302:11"],"meta":{},"tags":[]}],"startTime":1789740933177,"endTime":1789740933181.4248,"status":"failed","message":"","name":"C:/Users/BPI0069418/Documents/AgroAgrega/E-commerce-AgroAgrega/e-commerce-AgroAgrega/src/app/features/about-us/about-us.spec.ts"},{"assertionResults":[{"ancestorTitles":["AdminComponent"],"fullName":"AdminComponent should create","status":"failed","title":"should create","duration":5.889999999999418,"failureMessages":["Error: Component 'AdminComponent' is not resolved:\n - templateUrl: ./admin.html\n - styleUrl: ./admin.css\nDid you run and wait for 'resolveComponentResources()'?\n    at AdminComponent.get (file:///C:/Users/BPI0069418/Documents/AgroAgrega/E-commerce-AgroAgrega/e-commerce-AgroAgrega/node_modules/@angular/core/fesm2022/_debug_node-chunk.mjs:17800:17)\n    at getComponentDef (file:///C:/Users/BPI0069418/Documents/AgroAgrega/E-commerce-AgroAgrega/e-commerce-AgroAgrega/node_modules/@angular/core/fesm2022/testing.mjs:1154:16)\n    at isStandaloneComponent (file:///C:/Users/BPI0069418/Documents/AgroAgrega/E-commerce-AgroAgrega/e-commerce-AgroAgrega/node_modules/@angular/core/fesm2022/testing.mjs:1150:15)\n    at queueTypesFromModulesArrayRecur (file:///C:/Users/BPI0069418/Documents/AgroAgrega/E-commerce-AgroAgrega/e-commerce-AgroAgrega/node_modules/@angular/core/fesm2022/testing.mjs:925:20)\n    at TestBedCompiler.queueTypesFromModulesArray (file:///C:/Users/BPI0069418/Documents/AgroAgrega/E-commerce-AgroAgrega/e-commerce-AgroAgrega/node_modules/@angular/core/fesm2022/testing.mjs:943:5)\n    at TestBedCompiler.configureTestingModule (file:///C:/Users/BPI0069418/Documents/AgroAgrega/E-commerce-AgroAgrega/e-commerce-AgroAgrega/node_modules/@angular/core/fesm2022/testing.mjs:567:12)\n    at TestBedImpl.configureTestingModule (file:///C:/Users/BPI0069418/Documents/AgroAgrega/E-commerce-AgroAgrega/e-commerce-AgroAgrega/node_modules/@angular/core/fesm2022/testing.mjs:1402:19)\n    at TestBedImpl.configureTestingModule (file:///C:/Users/BPI0069418/Documents/AgroAgrega/E-commerce-AgroAgrega/e-commerce-AgroAgrega/node_modules/@angular/core/fesm2022/testing.mjs:1273:33)\n    at C:/Users/BPI0069418/Documents/AgroAgrega/E-commerce-AgroAgrega/e-commerce-AgroAgrega/src/app/features/admin/admin.spec.ts:9:19\n    at file:///C:/Users/BPI0069418/Documents/AgroAgrega/E-commerce-AgroAgrega/e-commerce-AgroAgrega/node_modules/@vitest/runner/dist/chunk-artifact.js:302:11"],"meta":{},"tags":[]},{"ancestorTitles":["AdminComponent"],"fullName":"AdminComponent should open and save password modal with valid data","status":"failed","title":"should open and save password modal with valid data","duration":0.5391000000017812,"failureMessages":["Error: Component 'AdminComponent' is not resolved:\n - templateUrl: ./admin.html\n - styleUrl: ./admin.css\nDid you run and wait for 'resolveComponentResources()'?\n    at AdminComponent.get (file:///C:/Users/BPI0069418/Documents/AgroAgrega/E-commerce-AgroAgrega/e-commerce-AgroAgrega/node_modules/@angular/core/fesm2022/_debug_node-chunk.mjs:17800:17)\n    at getComponentDef (file:///C:/Users/BPI0069418/Documents/AgroAgrega/E-commerce-AgroAgrega/e-commerce-AgroAgrega/node_modules/@angular/core/fesm2022/testing.mjs:1154:16)\n    at isStandaloneComponent (file:///C:/Users/BPI0069418/Documents/AgroAgrega/E-commerce-AgroAgrega/e-commerce-AgroAgrega/node_modules/@angular/core/fesm2022/testing.mjs:1150:15)\n    at queueTypesFromModulesArrayRecur (file:///C:/Users/BPI0069418/Documents/AgroAgrega/E-commerce-AgroAgrega/e-commerce-AgroAgrega/node_modules/@angular/core/fesm2022/testing.mjs:925:20)\n    at TestBedCompiler.queueTypesFromModulesArray (file:///C:/Users/BPI0069418/Documents/AgroAgrega/E-commerce-AgroAgrega/e-commerce-AgroAgrega/node_modules/@angular/core/fesm2022/testing.mjs:943:5)\n    at TestBedCompiler.configureTestingModule (file:///C:/Users/BPI0069418/Documents/AgroAgrega/E-commerce-AgroAgrega/e-commerce-AgroAgrega/node_modules/@angular/core/fesm2022/testing.mjs:567:12)\n    at TestBedImpl.configureTestingModule (file:///C:/Users/BPI0069418/Documents/AgroAgrega/E-commerce-AgroAgrega/e-commerce-AgroAgrega/node_modules/@angular/core/fesm2022/testing.mjs:1402:19)\n    at TestBedImpl.configureTestingModule (file:///C:/Users/BPI0069418/Documents/AgroAgrega/E-commerce-AgroAgrega/e-commerce-AgroAgrega/node_modules/@angular/core/fesm2022/testing.mjs:1273:33)\n    at C:/Users/BPI0069418/Documents/AgroAgrega/E-commerce-AgroAgrega/e-commerce-AgroAgrega/src/app/features/admin/admin.spec.ts:9:19\n    at file:///C:/Users/BPI0069418/Documents/AgroAgrega/E-commerce-AgroAgrega/e-commerce-AgroAgrega/node_modules/@vitest/runner/dist/chunk-artifact.js:302:11"],"meta":{},"tags":[]}],"startTime":1789740938888,"endTime":1789740938894.539,"status":"failed","message":"","name":"C:/Users/BPI0069418/Documents/AgroAgrega/E-commerce-AgroAgrega/e-commerce-AgroAgrega/src/app/features/admin/admin.spec.ts"},{"assertionResults":[],"startTime":1789740917440,"endTime":1789740917440,"status":"failed","message":"Failed to resolve import \"@shared/constants/form-error-messages\" from \"src/app/features/checkout/checkout.ts\". Does the file exist?","name":"C:/Users/BPI0069418/Documents/AgroAgrega/E-commerce-AgroAgrega/e-commerce-AgroAgrega/src/app/features/checkout/checkout.spec.ts"},{"assertionResults":[{"ancestorTitles":["Home"],"fullName":"Home should create","status":"failed","title":"should create","duration":5.292799999999261,"failureMessages":["Error: Component 'Home' is not resolved:\n - templateUrl: ./home.html\n - styleUrl: ./home.css\nDid you run and wait for 'resolveComponentResources()'?\n    at Home.get (file:///C:/Users/BPI0069418/Documents/AgroAgrega/E-commerce-AgroAgrega/e-commerce-AgroAgrega/node_modules/@angular/core/fesm2022/_debug_node-chunk.mjs:17800:17)\n    at getComponentDef (file:///C:/Users/BPI0069418/Documents/AgroAgrega/E-commerce-AgroAgrega/e-commerce-AgroAgrega/node_modules/@angular/core/fesm2022/testing.mjs:1154:16)\n    at isStandaloneComponent (file:///C:/Users/BPI0069418/Documents/AgroAgrega/E-commerce-AgroAgrega/e-commerce-AgroAgrega/node_modules/@angular/core/fesm2022/testing.mjs:1150:15)\n    at queueTypesFromModulesArrayRecur (file:///C:/Users/BPI0069418/Documents/AgroAgrega/E-commerce-AgroAgrega/e-commerce-AgroAgrega/node_modules/@angular/core/fesm2022/testing.mjs:925:20)\n    at TestBedCompiler.queueTypesFromModulesArray (file:///C:/Users/BPI0069418/Documents/AgroAgrega/E-commerce-AgroAgrega/e-commerce-AgroAgrega/node_modules/@angular/core/fesm2022/testing.mjs:943:5)\n    at TestBedCompiler.configureTestingModule (file:///C:/Users/BPI0069418/Documents/AgroAgrega/E-commerce-AgroAgrega/e-commerce-AgroAgrega/node_modules/@angular/core/fesm2022/testing.mjs:567:12)\n    at TestBedImpl.configureTestingModule (file:///C:/Users/BPI0069418/Documents/AgroAgrega/E-commerce-AgroAgrega/e-commerce-AgroAgrega/node_modules/@angular/core/fesm2022/testing.mjs:1402:19)\n    at TestBedImpl.configureTestingModule (file:///C:/Users/BPI0069418/Documents/AgroAgrega/E-commerce-AgroAgrega/e-commerce-AgroAgrega/node_modules/@angular/core/fesm2022/testing.mjs:1273:33)\n    at C:/Users/BPI0069418/Documents/AgroAgrega/E-commerce-AgroAgrega/e-commerce-AgroAgrega/src/app/features/home/home.spec.ts:11:19\n    at file:///C:/Users/BPI0069418/Documents/AgroAgrega/E-commerce-AgroAgrega/e-commerce-AgroAgrega/node_modules/@vitest/runner/dist/chunk-artifact.js:302:11"],"meta":{},"tags":[]}],"startTime":1789740935895,"endTime":1789740935900.2927,"status":"failed","message":"","name":"C:/Users/BPI0069418/Documents/AgroAgrega/E-commerce-AgroAgrega/e-commerce-AgroAgrega/src/app/features/home/home.spec.ts"},{"assertionResults":[],"startTime":1789740917440,"endTime":1789740917440,"status":"failed","message":"Failed to resolve import \"@shared/constants/form-error-messages\" from \"src/app/features/minha-conta/minha-conta.ts\". Does the file exist?","name":"C:/Users/BPI0069418/Documents/AgroAgrega/E-commerce-AgroAgrega/e-commerce-AgroAgrega/src/app/features/minha-conta/minha-conta.spec.ts"},{"assertionResults":[{"ancestorTitles":["CartComponent"],"fullName":"CartComponent should create","status":"failed","title":"should create","duration":6.861000000000786,"failureMessages":["Error: Component 'CartComponent' is not resolved:\n - templateUrl: ./cart.html\n - styleUrl: ./cart.css\nDid you run and wait for 'resolveComponentResources()'?\n    at CartComponent.get (file:///C:/Users/BPI0069418/Documents/AgroAgrega/E-commerce-AgroAgrega/e-commerce-AgroAgrega/node_modules/@angular/core/fesm2022/_debug_node-chunk.mjs:17800:17)\n    at getComponentDef (file:///C:/Users/BPI0069418/Documents/AgroAgrega/E-commerce-AgroAgrega/e-commerce-AgroAgrega/node_modules/@angular/core/fesm2022/testing.mjs:1154:16)\n    at isStandaloneComponent (file:///C:/Users/BPI0069418/Documents/AgroAgrega/E-commerce-AgroAgrega/e-commerce-AgroAgrega/node_modules/@angular/core/fesm2022/testing.mjs:1150:15)\n    at queueTypesFromModulesArrayRecur (file:///C:/Users/BPI0069418/Documents/AgroAgrega/E-commerce-AgroAgrega/e-commerce-AgroAgrega/node_modules/@angular/core/fesm2022/testing.mjs:925:20)\n    at TestBedCompiler.queueTypesFromModulesArray (file:///C:/Users/BPI0069418/Documents/AgroAgrega/E-commerce-AgroAgrega/e-commerce-AgroAgrega/node_modules/@angular/core/fesm2022/testing.mjs:943:5)\n    at TestBedCompiler.configureTestingModule (file:///C:/Users/BPI0069418/Documents/AgroAgrega/E-commerce-AgroAgrega/e-commerce-AgroAgrega/node_modules/@angular/core/fesm2022/testing.mjs:567:12)\n    at TestBedImpl.configureTestingModule (file:///C:/Users/BPI0069418/Documents/AgroAgrega/E-commerce-AgroAgrega/e-commerce-AgroAgrega/node_modules/@angular/core/fesm2022/testing.mjs:1402:19)\n    at TestBedImpl.configureTestingModule (file:///C:/Users/BPI0069418/Documents/AgroAgrega/E-commerce-AgroAgrega/e-commerce-AgroAgrega/node_modules/@angular/core/fesm2022/testing.mjs:1273:33)\n    at C:/Users/BPI0069418/Documents/AgroAgrega/E-commerce-AgroAgrega/e-commerce-AgroAgrega/src/app/features/cart/cart.spec.ts:12:19\n    at file:///C:/Users/BPI0069418/Documents/AgroAgrega/E-commerce-AgroAgrega/e-commerce-AgroAgrega/node_modules/@vitest/runner/dist/chunk-artifact.js:302:11"],"meta":{},"tags":[]}],"startTime":1789740935890,"endTime":1789740935896.861,"status":"failed","message":"","name":"C:/Users/BPI0069418/Documents/AgroAgrega/E-commerce-AgroAgrega/e-commerce-AgroAgrega/src/app/features/cart/cart.spec.ts"},{"assertionResults":[{"ancestorTitles":["NotFoundComponent"],"fullName":"NotFoundComponent should create","status":"failed","title":"should create","duration":7.0965999999989435,"failureMessages":["Error: Component 'NotFoundComponent' is not resolved:\n - templateUrl: ./not-found.html\n - styleUrl: ./not-found.css\nDid you run and wait for 'resolveComponentResources()'?\n    at NotFoundComponent.get (file:///C:/Users/BPI0069418/Documents/AgroAgrega/E-commerce-AgroAgrega/e-commerce-AgroAgrega/node_modules/@angular/core/fesm2022/_debug_node-chunk.mjs:17800:17)\n    at getComponentDef (file:///C:/Users/BPI0069418/Documents/AgroAgrega/E-commerce-AgroAgrega/e-commerce-AgroAgrega/node_modules/@angular/core/fesm2022/testing.mjs:1154:16)\n    at isStandaloneComponent (file:///C:/Users/BPI0069418/Documents/AgroAgrega/E-commerce-AgroAgrega/e-commerce-AgroAgrega/node_modules/@angular/core/fesm2022/testing.mjs:1150:15)\n    at queueTypesFromModulesArrayRecur (file:///C:/Users/BPI0069418/Documents/AgroAgrega/E-commerce-AgroAgrega/e-commerce-AgroAgrega/node_modules/@angular/core/fesm2022/testing.mjs:925:20)\n    at TestBedCompiler.queueTypesFromModulesArray (file:///C:/Users/BPI0069418/Documents/AgroAgrega/E-commerce-AgroAgrega/e-commerce-AgroAgrega/node_modules/@angular/core/fesm2022/testing.mjs:943:5)\n    at TestBedCompiler.configureTestingModule (file:///C:/Users/BPI0069418/Documents/AgroAgrega/E-commerce-AgroAgrega/e-commerce-AgroAgrega/node_modules/@angular/core/fesm2022/testing.mjs:567:12)\n    at TestBedImpl.configureTestingModule (file:///C:/Users/BPI0069418/Documents/AgroAgrega/E-commerce-AgroAgrega/e-commerce-AgroAgrega/node_modules/@angular/core/fesm2022/testing.mjs:1402:19)\n    at TestBedImpl.configureTestingModule (file:///C:/Users/BPI0069418/Documents/AgroAgrega/E-commerce-AgroAgrega/e-commerce-AgroAgrega/node_modules/@angular/core/fesm2022/testing.mjs:1273:33)\n    at C:/Users/BPI0069418/Documents/AgroAgrega/E-commerce-AgroAgrega/e-commerce-AgroAgrega/src/app/features/not-found/not-found.spec.ts:11:19\n    at file:///C:/Users/BPI0069418/Documents/AgroAgrega/E-commerce-AgroAgrega/e-commerce-AgroAgrega/node_modules/@vitest/runner/dist/chunk-artifact.js:302:11"],"meta":{},"tags":[]}],"startTime":1789740933285,"endTime":1789740933292.0967,"status":"failed","message":"","name":"C:/Users/BPI0069418/Documents/AgroAgrega/E-commerce-AgroAgrega/e-commerce-AgroAgrega/src/app/features/not-found/not-found.spec.ts"},{"assertionResults":[{"ancestorTitles":["ProductsComponent"],"fullName":"ProductsComponent should create","status":"failed","title":"should create","duration":7.0908999999992375,"failureMessages":["Error: Component 'ProductsComponent' is not resolved:\n - templateUrl: ./products.html\n - styleUrl: ./products.css\nDid you run and wait for 'resolveComponentResources()'?\n    at ProductsComponent.get (file:///C:/Users/BPI0069418/Documents/AgroAgrega/E-commerce-AgroAgrega/e-commerce-AgroAgrega/node_modules/@angular/core/fesm2022/_debug_node-chunk.mjs:17800:17)\n    at getComponentDef (file:///C:/Users/BPI0069418/Documents/AgroAgrega/E-commerce-AgroAgrega/e-commerce-AgroAgrega/node_modules/@angular/core/fesm2022/testing.mjs:1154:16)\n    at isStandaloneComponent (file:///C:/Users/BPI0069418/Documents/AgroAgrega/E-commerce-AgroAgrega/e-commerce-AgroAgrega/node_modules/@angular/core/fesm2022/testing.mjs:1150:15)\n    at queueTypesFromModulesArrayRecur (file:///C:/Users/BPI0069418/Documents/AgroAgrega/E-commerce-AgroAgrega/e-commerce-AgroAgrega/node_modules/@angular/core/fesm2022/testing.mjs:925:20)\n    at TestBedCompiler.queueTypesFromModulesArray (file:///C:/Users/BPI0069418/Documents/AgroAgrega/E-commerce-AgroAgrega/e-commerce-AgroAgrega/node_modules/@angular/core/fesm2022/testing.mjs:943:5)\n    at TestBedCompiler.configureTestingModule (file:///C:/Users/BPI0069418/Documents/AgroAgrega/E-commerce-AgroAgrega/e-commerce-AgroAgrega/node_modules/@angular/core/fesm2022/testing.mjs:567:12)\n    at TestBedImpl.configureTestingModule (file:///C:/Users/BPI0069418/Documents/AgroAgrega/E-commerce-AgroAgrega/e-commerce-AgroAgrega/node_modules/@angular/core/fesm2022/testing.mjs:1402:19)\n    at TestBedImpl.configureTestingModule (file:///C:/Users/BPI0069418/Documents/AgroAgrega/E-commerce-AgroAgrega/e-commerce-AgroAgrega/node_modules/@angular/core/fesm2022/testing.mjs:1273:33)\n    at C:/Users/BPI0069418/Documents/AgroAgrega/E-commerce-AgroAgrega/e-commerce-AgroAgrega/src/app/features/products/products.spec.ts:11:19\n    at file:///C:/Users/BPI0069418/Documents/AgroAgrega/E-commerce-AgroAgrega/e-commerce-AgroAgrega/node_modules/@vitest/runner/dist/chunk-artifact.js:302:11"],"meta":{},"tags":[]},{"ancestorTitles":["ProductsComponent"],"fullName":"ProductsComponent should start with all categories and numbered pagination","status":"failed","title":"should start with all categories and numbered pagination","duration":0.7299999999995634,"failureMessages":["Error: Component 'ProductsComponent' is not resolved:\n - templateUrl: ./products.html\n - styleUrl: ./products.css\nDid you run and wait for 'resolveComponentResources()'?\n    at ProductsComponent.get (file:///C:/Users/BPI0069418/Documents/AgroAgrega/E-commerce-AgroAgrega/e-commerce-AgroAgrega/node_modules/@angular/core/fesm2022/_debug_node-chunk.mjs:17800:17)\n    at getComponentDef (file:///C:/Users/BPI0069418/Documents/AgroAgrega/E-commerce-AgroAgrega/e-commerce-AgroAgrega/node_modules/@angular/core/fesm2022/testing.mjs:1154:16)\n    at isStandaloneComponent (file:///C:/Users/BPI0069418/Documents/AgroAgrega/E-commerce-AgroAgrega/e-commerce-AgroAgrega/node_modules/@angular/core/fesm2022/testing.mjs:1150:15)\n    at queueTypesFromModulesArrayRecur (file:///C:/Users/BPI0069418/Documents/AgroAgrega/E-commerce-AgroAgrega/e-commerce-AgroAgrega/node_modules/@angular/core/fesm2022/testing.mjs:925:20)\n    at TestBedCompiler.queueTypesFromModulesArray (file:///C:/Users/BPI0069418/Documents/AgroAgrega/E-commerce-AgroAgrega/e-commerce-AgroAgrega/node_modules/@angular/core/fesm2022/testing.mjs:943:5)\n    at TestBedCompiler.configureTestingModule (file:///C:/Users/BPI0069418/Documents/AgroAgrega/E-commerce-AgroAgrega/e-commerce-AgroAgrega/node_modules/@angular/core/fesm2022/testing.mjs:567:12)\n    at TestBedImpl.configureTestingModule (file:///C:/Users/BPI0069418/Documents/AgroAgrega/E-commerce-AgroAgrega/e-commerce-AgroAgrega/node_modules/@angular/core/fesm2022/testing.mjs:1402:19)\n    at TestBedImpl.configureTestingModule (file:///C:/Users/BPI0069418/Documents/AgroAgrega/E-commerce-AgroAgrega/e-commerce-AgroAgrega/node_modules/@angular/core/fesm2022/testing.mjs:1273:33)\n    at C:/Users/BPI0069418/Documents/AgroAgrega/E-commerce-AgroAgrega/e-commerce-AgroAgrega/src/app/features/products/products.spec.ts:11:19\n    at file:///C:/Users/BPI0069418/Documents/AgroAgrega/E-commerce-AgroAgrega/e-commerce-AgroAgrega/node_modules/@vitest/runner/dist/chunk-artifact.js:302:11"],"meta":{},"tags":[]},{"ancestorTitles":["ProductsComponent"],"fullName":"ProductsComponent should keep a partial final page and reject invalid page numbers","status":"failed","title":"should keep a partial final page and reject invalid page numbers","duration":0.6132999999972526,"failureMessages":["Error: Component 'ProductsComponent' is not resolved:\n - templateUrl: ./products.html\n - styleUrl: ./products.css\nDid you run and wait for 'resolveComponentResources()'?\n    at ProductsComponent.get (file:///C:/Users/BPI0069418/Documents/AgroAgrega/E-commerce-AgroAgrega/e-commerce-AgroAgrega/node_modules/@angular/core/fesm2022/_debug_node-chunk.mjs:17800:17)\n    at getComponentDef (file:///C:/Users/BPI0069418/Documents/AgroAgrega/E-commerce-AgroAgrega/e-commerce-AgroAgrega/node_modules/@angular/core/fesm2022/testing.mjs:1154:16)\n    at isStandaloneComponent (file:///C:/Users/BPI0069418/Documents/AgroAgrega/E-commerce-AgroAgrega/e-commerce-AgroAgrega/node_modules/@angular/core/fesm2022/testing.mjs:1150:15)\n    at queueTypesFromModulesArrayRecur (file:///C:/Users/BPI0069418/Documents/AgroAgrega/E-commerce-AgroAgrega/e-commerce-AgroAgrega/node_modules/@angular/core/fesm2022/testing.mjs:925:20)\n    at TestBedCompiler.queueTypesFromModulesArray (file:///C:/Users/BPI0069418/Documents/AgroAgrega/E-commerce-AgroAgrega/e-commerce-AgroAgrega/node_modules/@angular/core/fesm2022/testing.mjs:943:5)\n    at TestBedCompiler.configureTestingModule (file:///C:/Users/BPI0069418/Documents/AgroAgrega/E-commerce-AgroAgrega/e-commerce-AgroAgrega/node_modules/@angular/core/fesm2022/testing.mjs:567:12)\n    at TestBedImpl.configureTestingModule (file:///C:/Users/BPI0069418/Documents/AgroAgrega/E-commerce-AgroAgrega/e-commerce-AgroAgrega/node_modules/@angular/core/fesm2022/testing.mjs:1402:19)\n    at TestBedImpl.configureTestingModule (file:///C:/Users/BPI0069418/Documents/AgroAgrega/E-commerce-AgroAgrega/e-commerce-AgroAgrega/node_modules/@angular/core/fesm2022/testing.mjs:1273:33)\n    at C:/Users/BPI0069418/Documents/AgroAgrega/E-commerce-AgroAgrega/e-commerce-AgroAgrega/src/app/features/products/products.spec.ts:11:19\n    at file:///C:/Users/BPI0069418/Documents/AgroAgrega/E-commerce-AgroAgrega/e-commerce-AgroAgrega/node_modules/@vitest/runner/dist/chunk-artifact.js:302:11"],"meta":{},"tags":[]},{"ancestorTitles":["ProductsComponent"],"fullName":"ProductsComponent should reset to the first page when sorting changes","status":"failed","title":"should reset to the first page when sorting changes","duration":0.5901000000012573,"failureMessages":["Error: Component 'ProductsComponent' is not resolved:\n - templateUrl: ./products.html\n - styleUrl: ./products.css\nDid you run and wait for 'resolveComponentResources()'?\n    at ProductsComponent.get (file:///C:/Users/BPI0069418/Documents/AgroAgrega/E-commerce-AgroAgrega/e-commerce-AgroAgrega/node_modules/@angular/core/fesm2022/_debug_node-chunk.mjs:17800:17)\n    at getComponentDef (file:///C:/Users/BPI0069418/Documents/AgroAgrega/E-commerce-AgroAgrega/e-commerce-AgroAgrega/node_modules/@angular/core/fesm2022/testing.mjs:1154:16)\n    at isStandaloneComponent (file:///C:/Users/BPI0069418/Documents/AgroAgrega/E-commerce-AgroAgrega/e-commerce-AgroAgrega/node_modules/@angular/core/fesm2022/testing.mjs:1150:15)\n    at queueTypesFromModulesArrayRecur (file:///C:/Users/BPI0069418/Documents/AgroAgrega/E-commerce-AgroAgrega/e-commerce-AgroAgrega/node_modules/@angular/core/fesm2022/testing.mjs:925:20)\n    at TestBedCompiler.queueTypesFromModulesArray (file:///C:/Users/BPI0069418/Documents/AgroAgrega/E-commerce-AgroAgrega/e-commerce-AgroAgrega/node_modules/@angular/core/fesm2022/testing.mjs:943:5)\n    at TestBedCompiler.configureTestingModule (file:///C:/Users/BPI0069418/Documents/AgroAgrega/E-commerce-AgroAgrega/e-commerce-AgroAgrega/node_modules/@angular/core/fesm2022/testing.mjs:567:12)\n    at TestBedImpl.configureTestingModule (file:///C:/Users/BPI0069418/Documents/AgroAgrega/E-commerce-AgroAgrega/e-commerce-AgroAgrega/node_modules/@angular/core/fesm2022/testing.mjs:1402:19)\n    at TestBedImpl.configureTestingModule (file:///C:/Users/BPI0069418/Documents/AgroAgrega/E-commerce-AgroAgrega/e-commerce-AgroAgrega/node_modules/@angular/core/fesm2022/testing.mjs:1273:33)\n    at C:/Users/BPI0069418/Documents/AgroAgrega/E-commerce-AgroAgrega/e-commerce-AgroAgrega/src/app/features/products/products.spec.ts:11:19\n    at file:///C:/Users/BPI0069418/Documents/AgroAgrega/E-commerce-AgroAgrega/e-commerce-AgroAgrega/node_modules/@vitest/runner/dist/chunk-artifact.js:302:11"],"meta":{},"tags":[]},{"ancestorTitles":["ProductsComponent"],"fullName":"ProductsComponent should render one current page and disabled navigation limits","status":"failed","title":"should render one current page and disabled navigation limits","duration":0.515400000000227,"failureMessages":["Error: Component 'ProductsComponent' is not resolved:\n - templateUrl: ./products.html\n - styleUrl: ./products.css\nDid you run and wait for 'resolveComponentResources()'?\n    at ProductsComponent.get (file:///C:/Users/BPI0069418/Documents/AgroAgrega/E-commerce-AgroAgrega/e-commerce-AgroAgrega/node_modules/@angular/core/fesm2022/_debug_node-chunk.mjs:17800:17)\n    at getComponentDef (file:///C:/Users/BPI0069418/Documents/AgroAgrega/E-commerce-AgroAgrega/e-commerce-AgroAgrega/node_modules/@angular/core/fesm2022/testing.mjs:1154:16)\n    at isStandaloneComponent (file:///C:/Users/BPI0069418/Documents/AgroAgrega/E-commerce-AgroAgrega/e-commerce-AgroAgrega/node_modules/@angular/core/fesm2022/testing.mjs:1150:15)\n    at queueTypesFromModulesArrayRecur (file:///C:/Users/BPI0069418/Documents/AgroAgrega/E-commerce-AgroAgrega/e-commerce-AgroAgrega/node_modules/@angular/core/fesm2022/testing.mjs:925:20)\n    at TestBedCompiler.queueTypesFromModulesArray (file:///C:/Users/BPI0069418/Documents/AgroAgrega/E-commerce-AgroAgrega/e-commerce-AgroAgrega/node_modules/@angular/core/fesm2022/testing.mjs:943:5)\n    at TestBedCompiler.configureTestingModule (file:///C:/Users/BPI0069418/Documents/AgroAgrega/E-commerce-AgroAgrega/e-commerce-AgroAgrega/node_modules/@angular/core/fesm2022/testing.mjs:567:12)\n    at TestBedImpl.configureTestingModule (file:///C:/Users/BPI0069418/Documents/AgroAgrega/E-commerce-AgroAgrega/e-commerce-AgroAgrega/node_modules/@angular/core/fesm2022/testing.mjs:1402:19)\n    at TestBedImpl.configureTestingModule (file:///C:/Users/BPI0069418/Documents/AgroAgrega/E-commerce-AgroAgrega/e-commerce-AgroAgrega/node_modules/@angular/core/fesm2022/testing.mjs:1273:33)\n    at C:/Users/BPI0069418/Documents/AgroAgrega/E-commerce-AgroAgrega/e-commerce-AgroAgrega/src/app/features/products/products.spec.ts:11:19\n    at file:///C:/Users/BPI0069418/Documents/AgroAgrega/E-commerce-AgroAgrega/e-commerce-AgroAgrega/node_modules/@vitest/runner/dist/chunk-artifact.js:302:11"],"meta":{},"tags":[]}],"startTime":1789740936216,"endTime":1789740936225.5154,"status":"failed","message":"","name":"C:/Users/BPI0069418/Documents/AgroAgrega/E-commerce-AgroAgrega/e-commerce-AgroAgrega/src/app/features/products/products.spec.ts"},{"assertionResults":[{"ancestorTitles":["ProductDetails"],"fullName":"ProductDetails should select a valid product image","status":"failed","title":"should select a valid product image","duration":6.2564000000020314,"failureMessages":["Error: Component 'ProductDetails' is not resolved:\n - templateUrl: ./product-details.html\n - styleUrl: ./product-details.css\nDid you run and wait for 'resolveComponentResources()'?\n    at ProductDetails.get (file:///C:/Users/BPI0069418/Documents/AgroAgrega/E-commerce-AgroAgrega/e-commerce-AgroAgrega/node_modules/@angular/core/fesm2022/_debug_node-chunk.mjs:17800:17)\n    at getComponentDef (file:///C:/Users/BPI0069418/Documents/AgroAgrega/E-commerce-AgroAgrega/e-commerce-AgroAgrega/node_modules/@angular/core/fesm2022/testing.mjs:1154:16)\n    at isStandaloneComponent (file:///C:/Users/BPI0069418/Documents/AgroAgrega/E-commerce-AgroAgrega/e-commerce-AgroAgrega/node_modules/@angular/core/fesm2022/testing.mjs:1150:15)\n    at queueTypesFromModulesArrayRecur (file:///C:/Users/BPI0069418/Documents/AgroAgrega/E-commerce-AgroAgrega/e-commerce-AgroAgrega/node_modules/@angular/core/fesm2022/testing.mjs:925:20)\n    at TestBedCompiler.queueTypesFromModulesArray (file:///C:/Users/BPI0069418/Documents/AgroAgrega/E-commerce-AgroAgrega/e-commerce-AgroAgrega/node_modules/@angular/core/fesm2022/testing.mjs:943:5)\n    at TestBedCompiler.configureTestingModule (file:///C:/Users/BPI0069418/Documents/AgroAgrega/E-commerce-AgroAgrega/e-commerce-AgroAgrega/node_modules/@angular/core/fesm2022/testing.mjs:567:12)\n    at TestBedImpl.configureTestingModule (file:///C:/Users/BPI0069418/Documents/AgroAgrega/E-commerce-AgroAgrega/e-commerce-AgroAgrega/node_modules/@angular/core/fesm2022/testing.mjs:1402:19)\n    at TestBedImpl.configureTestingModule (file:///C:/Users/BPI0069418/Documents/AgroAgrega/E-commerce-AgroAgrega/e-commerce-AgroAgrega/node_modules/@angular/core/fesm2022/testing.mjs:1273:33)\n    at C:/Users/BPI0069418/Documents/AgroAgrega/E-commerce-AgroAgrega/e-commerce-AgroAgrega/src/app/features/product-details/product-details.spec.ts:33:19\n    at file:///C:/Users/BPI0069418/Documents/AgroAgrega/E-commerce-AgroAgrega/e-commerce-AgroAgrega/node_modules/@vitest/runner/dist/chunk-artifact.js:302:11"],"meta":{},"tags":[]},{"ancestorTitles":["ProductDetails"],"fullName":"ProductDetails should ignore an invalid image index","status":"failed","title":"should ignore an invalid image index","duration":0.6604000000006636,"failureMessages":["Error: Component 'ProductDetails' is not resolved:\n - templateUrl: ./product-details.html\n - styleUrl: ./product-details.css\nDid you run and wait for 'resolveComponentResources()'?\n    at ProductDetails.get (file:///C:/Users/BPI0069418/Documents/AgroAgrega/E-commerce-AgroAgrega/e-commerce-AgroAgrega/node_modules/@angular/core/fesm2022/_debug_node-chunk.mjs:17800:17)\n    at getComponentDef (file:///C:/Users/BPI0069418/Documents/AgroAgrega/E-commerce-AgroAgrega/e-commerce-AgroAgrega/node_modules/@angular/core/fesm2022/testing.mjs:1154:16)\n    at isStandaloneComponent (file:///C:/Users/BPI0069418/Documents/AgroAgrega/E-commerce-AgroAgrega/e-commerce-AgroAgrega/node_modules/@angular/core/fesm2022/testing.mjs:1150:15)\n    at queueTypesFromModulesArrayRecur (file:///C:/Users/BPI0069418/Documents/AgroAgrega/E-commerce-AgroAgrega/e-commerce-AgroAgrega/node_modules/@angular/core/fesm2022/testing.mjs:925:20)\n    at TestBedCompiler.queueTypesFromModulesArray (file:///C:/Users/BPI0069418/Documents/AgroAgrega/E-commerce-AgroAgrega/e-commerce-AgroAgrega/node_modules/@angular/core/fesm2022/testing.mjs:943:5)\n    at TestBedCompiler.configureTestingModule (file:///C:/Users/BPI0069418/Documents/AgroAgrega/E-commerce-AgroAgrega/e-commerce-AgroAgrega/node_modules/@angular/core/fesm2022/testing.mjs:567:12)\n    at TestBedImpl.configureTestingModule (file:///C:/Users/BPI0069418/Documents/AgroAgrega/E-commerce-AgroAgrega/e-commerce-AgroAgrega/node_modules/@angular/core/fesm2022/testing.mjs:1402:19)\n    at TestBedImpl.configureTestingModule (file:///C:/Users/BPI0069418/Documents/AgroAgrega/E-commerce-AgroAgrega/e-commerce-AgroAgrega/node_modules/@angular/core/fesm2022/testing.mjs:1273:33)\n    at C:/Users/BPI0069418/Documents/AgroAgrega/E-commerce-AgroAgrega/e-commerce-AgroAgrega/src/app/features/product-details/product-details.spec.ts:33:19\n    at file:///C:/Users/BPI0069418/Documents/AgroAgrega/E-commerce-AgroAgrega/e-commerce-AgroAgrega/node_modules/@vitest/runner/dist/chunk-artifact.js:302:11"],"meta":{},"tags":[]},{"ancestorTitles":["ProductDetails"],"fullName":"ProductDetails should ignore a negative image index","status":"failed","title":"should ignore a negative image index","duration":0.47880000000077416,"failureMessages":["Error: Component 'ProductDetails' is not resolved:\n - templateUrl: ./product-details.html\n - styleUrl: ./product-details.css\nDid you run and wait for 'resolveComponentResources()'?\n    at ProductDetails.get (file:///C:/Users/BPI0069418/Documents/AgroAgrega/E-commerce-AgroAgrega/e-commerce-AgroAgrega/node_modules/@angular/core/fesm2022/_debug_node-chunk.mjs:17800:17)\n    at getComponentDef (file:///C:/Users/BPI0069418/Documents/AgroAgrega/E-commerce-AgroAgrega/e-commerce-AgroAgrega/node_modules/@angular/core/fesm2022/testing.mjs:1154:16)\n    at isStandaloneComponent (file:///C:/Users/BPI0069418/Documents/AgroAgrega/E-commerce-AgroAgrega/e-commerce-AgroAgrega/node_modules/@angular/core/fesm2022/testing.mjs:1150:15)\n    at queueTypesFromModulesArrayRecur (file:///C:/Users/BPI0069418/Documents/AgroAgrega/E-commerce-AgroAgrega/e-commerce-AgroAgrega/node_modules/@angular/core/fesm2022/testing.mjs:925:20)\n    at TestBedCompiler.queueTypesFromModulesArray (file:///C:/Users/BPI0069418/Documents/AgroAgrega/E-commerce-AgroAgrega/e-commerce-AgroAgrega/node_modules/@angular/core/fesm2022/testing.mjs:943:5)\n    at TestBedCompiler.configureTestingModule (file:///C:/Users/BPI0069418/Documents/AgroAgrega/E-commerce-AgroAgrega/e-commerce-AgroAgrega/node_modules/@angular/core/fesm2022/testing.mjs:567:12)\n    at TestBedImpl.configureTestingModule (file:///C:/Users/BPI0069418/Documents/AgroAgrega/E-commerce-AgroAgrega/e-commerce-AgroAgrega/node_modules/@angular/core/fesm2022/testing.mjs:1402:19)\n    at TestBedImpl.configureTestingModule (file:///C:/Users/BPI0069418/Documents/AgroAgrega/E-commerce-AgroAgrega/e-commerce-AgroAgrega/node_modules/@angular/core/fesm2022/testing.mjs:1273:33)\n    at C:/Users/BPI0069418/Documents/AgroAgrega/E-commerce-AgroAgrega/e-commerce-AgroAgrega/src/app/features/product-details/product-details.spec.ts:33:19\n    at file:///C:/Users/BPI0069418/Documents/AgroAgrega/E-commerce-AgroAgrega/e-commerce-AgroAgrega/node_modules/@vitest/runner/dist/chunk-artifact.js:302:11"],"meta":{},"tags":[]},{"ancestorTitles":["ProductDetails"],"fullName":"ProductDetails should create","status":"failed","title":"should create","duration":0.37180000000080327,"failureMessages":["Error: Component 'ProductDetails' is not resolved:\n - templateUrl: ./product-details.html\n - styleUrl: ./product-details.css\nDid you run and wait for 'resolveComponentResources()'?\n    at ProductDetails.get (file:///C:/Users/BPI0069418/Documents/AgroAgrega/E-commerce-AgroAgrega/e-commerce-AgroAgrega/node_modules/@angular/core/fesm2022/_debug_node-chunk.mjs:17800:17)\n    at getComponentDef (file:///C:/Users/BPI0069418/Documents/AgroAgrega/E-commerce-AgroAgrega/e-commerce-AgroAgrega/node_modules/@angular/core/fesm2022/testing.mjs:1154:16)\n    at isStandaloneComponent (file:///C:/Users/BPI0069418/Documents/AgroAgrega/E-commerce-AgroAgrega/e-commerce-AgroAgrega/node_modules/@angular/core/fesm2022/testing.mjs:1150:15)\n    at queueTypesFromModulesArrayRecur (file:///C:/Users/BPI0069418/Documents/AgroAgrega/E-commerce-AgroAgrega/e-commerce-AgroAgrega/node_modules/@angular/core/fesm2022/testing.mjs:925:20)\n    at TestBedCompiler.queueTypesFromModulesArray (file:///C:/Users/BPI0069418/Documents/AgroAgrega/E-commerce-AgroAgrega/e-commerce-AgroAgrega/node_modules/@angular/core/fesm2022/testing.mjs:943:5)\n    at TestBedCompiler.configureTestingModule (file:///C:/Users/BPI0069418/Documents/AgroAgrega/E-commerce-AgroAgrega/e-commerce-AgroAgrega/node_modules/@angular/core/fesm2022/testing.mjs:567:12)\n    at TestBedImpl.configureTestingModule (file:///C:/Users/BPI0069418/Documents/AgroAgrega/E-commerce-AgroAgrega/e-commerce-AgroAgrega/node_modules/@angular/core/fesm2022/testing.mjs:1402:19)\n    at TestBedImpl.configureTestingModule (file:///C:/Users/BPI0069418/Documents/AgroAgrega/E-commerce-AgroAgrega/e-commerce-AgroAgrega/node_modules/@angular/core/fesm2022/testing.mjs:1273:33)\n    at C:/Users/BPI0069418/Documents/AgroAgrega/E-commerce-AgroAgrega/e-commerce-AgroAgrega/src/app/features/product-details/product-details.spec.ts:33:19\n    at file:///C:/Users/BPI0069418/Documents/AgroAgrega/E-commerce-AgroAgrega/e-commerce-AgroAgrega/node_modules/@vitest/runner/dist/chunk-artifact.js:302:11"],"meta":{},"tags":[]},{"ancestorTitles":["ProductDetails"],"fullName":"ProductDetails should read the product id from the route","status":"failed","title":"should read the product id from the route","duration":0.3397000000004482,"failureMessages":["Error: Component 'ProductDetails' is not resolved:\n - templateUrl: ./product-details.html\n - styleUrl: ./product-details.css\nDid you run and wait for 'resolveComponentResources()'?\n    at ProductDetails.get (file:///C:/Users/BPI0069418/Documents/AgroAgrega/E-commerce-AgroAgrega/e-commerce-AgroAgrega/node_modules/@angular/core/fesm2022/_debug_node-chunk.mjs:17800:17)\n    at getComponentDef (file:///C:/Users/BPI0069418/Documents/AgroAgrega/E-commerce-AgroAgrega/e-commerce-AgroAgrega/node_modules/@angular/core/fesm2022/testing.mjs:1154:16)\n    at isStandaloneComponent (file:///C:/Users/BPI0069418/Documents/AgroAgrega/E-commerce-AgroAgrega/e-commerce-AgroAgrega/node_modules/@angular/core/fesm2022/testing.mjs:1150:15)\n    at queueTypesFromModulesArrayRecur (file:///C:/Users/BPI0069418/Documents/AgroAgrega/E-commerce-AgroAgrega/e-commerce-AgroAgrega/node_modules/@angular/core/fesm2022/testing.mjs:925:20)\n    at TestBedCompiler.queueTypesFromModulesArray (file:///C:/Users/BPI0069418/Documents/AgroAgrega/E-commerce-AgroAgrega/e-commerce-AgroAgrega/node_modules/@angular/core/fesm2022/testing.mjs:943:5)\n    at TestBedCompiler.configureTestingModule (file:///C:/Users/BPI0069418/Documents/AgroAgrega/E-commerce-AgroAgrega/e-commerce-AgroAgrega/node_modules/@angular/core/fesm2022/testing.mjs:567:12)\n    at TestBedImpl.configureTestingModule (file:///C:/Users/BPI0069418/Documents/AgroAgrega/E-commerce-AgroAgrega/e-commerce-AgroAgrega/node_modules/@angular/core/fesm2022/testing.mjs:1402:19)\n    at TestBedImpl.configureTestingModule (file:///C:/Users/BPI0069418/Documents/AgroAgrega/E-commerce-AgroAgrega/e-commerce-AgroAgrega/node_modules/@angular/core/fesm2022/testing.mjs:1273:33)\n    at C:/Users/BPI0069418/Documents/AgroAgrega/E-commerce-AgroAgrega/e-commerce-AgroAgrega/src/app/features/product-details/product-details.spec.ts:33:19\n    at file:///C:/Users/BPI0069418/Documents/AgroAgrega/E-commerce-AgroAgrega/e-commerce-AgroAgrega/node_modules/@vitest/runner/dist/chunk-artifact.js:302:11"],"meta":{},"tags":[]},{"ancestorTitles":["ProductDetails"],"fullName":"ProductDetails should find the product by id","status":"failed","title":"should find the product by id","duration":0.3065999999998894,"failureMessages":["Error: Component 'ProductDetails' is not resolved:\n - templateUrl: ./product-details.html\n - styleUrl: ./product-details.css\nDid you run and wait for 'resolveComponentResources()'?\n    at ProductDetails.get (file:///C:/Users/BPI0069418/Documents/AgroAgrega/E-commerce-AgroAgrega/e-commerce-AgroAgrega/node_modules/@angular/core/fesm2022/_debug_node-chunk.mjs:17800:17)\n    at getComponentDef (file:///C:/Users/BPI0069418/Documents/AgroAgrega/E-commerce-AgroAgrega/e-commerce-AgroAgrega/node_modules/@angular/core/fesm2022/testing.mjs:1154:16)\n    at isStandaloneComponent (file:///C:/Users/BPI0069418/Documents/AgroAgrega/E-commerce-AgroAgrega/e-commerce-AgroAgrega/node_modules/@angular/core/fesm2022/testing.mjs:1150:15)\n    at queueTypesFromModulesArrayRecur (file:///C:/Users/BPI0069418/Documents/AgroAgrega/E-commerce-AgroAgrega/e-commerce-AgroAgrega/node_modules/@angular/core/fesm2022/testing.mjs:925:20)\n    at TestBedCompiler.queueTypesFromModulesArray (file:///C:/Users/BPI0069418/Documents/AgroAgrega/E-commerce-AgroAgrega/e-commerce-AgroAgrega/node_modules/@angular/core/fesm2022/testing.mjs:943:5)\n    at TestBedCompiler.configureTestingModule (file:///C:/Users/BPI0069418/Documents/AgroAgrega/E-commerce-AgroAgrega/e-commerce-AgroAgrega/node_modules/@angular/core/fesm2022/testing.mjs:567:12)\n    at TestBedImpl.configureTestingModule (file:///C:/Users/BPI0069418/Documents/AgroAgrega/E-commerce-AgroAgrega/e-commerce-AgroAgrega/node_modules/@angular/core/fesm2022/testing.mjs:1402:19)\n    at TestBedImpl.configureTestingModule (file:///C:/Users/BPI0069418/Documents/AgroAgrega/E-commerce-AgroAgrega/e-commerce-AgroAgrega/node_modules/@angular/core/fesm2022/testing.mjs:1273:33)\n    at C:/Users/BPI0069418/Documents/AgroAgrega/E-commerce-AgroAgrega/e-commerce-AgroAgrega/src/app/features/product-details/product-details.spec.ts:33:19\n    at file:///C:/Users/BPI0069418/Documents/AgroAgrega/E-commerce-AgroAgrega/e-commerce-AgroAgrega/node_modules/@vitest/runner/dist/chunk-artifact.js:302:11"],"meta":{},"tags":[]},{"ancestorTitles":["ProductDetails"],"fullName":"ProductDetails should move to the next image","status":"failed","title":"should move to the next image","duration":0.3823000000011234,"failureMessages":["Error: Component 'ProductDetails' is not resolved:\n - templateUrl: ./product-details.html\n - styleUrl: ./product-details.css\nDid you run and wait for 'resolveComponentResources()'?\n    at ProductDetails.get (file:///C:/Users/BPI0069418/Documents/AgroAgrega/E-commerce-AgroAgrega/e-commerce-AgroAgrega/node_modules/@angular/core/fesm2022/_debug_node-chunk.mjs:17800:17)\n    at getComponentDef (file:///C:/Users/BPI0069418/Documents/AgroAgrega/E-commerce-AgroAgrega/e-commerce-AgroAgrega/node_modules/@angular/core/fesm2022/testing.mjs:1154:16)\n    at isStandaloneComponent (file:///C:/Users/BPI0069418/Documents/AgroAgrega/E-commerce-AgroAgrega/e-commerce-AgroAgrega/node_modules/@angular/core/fesm2022/testing.mjs:1150:15)\n    at queueTypesFromModulesArrayRecur (file:///C:/Users/BPI0069418/Documents/AgroAgrega/E-commerce-AgroAgrega/e-commerce-AgroAgrega/node_modules/@angular/core/fesm2022/testing.mjs:925:20)\n    at TestBedCompiler.queueTypesFromModulesArray (file:///C:/Users/BPI0069418/Documents/AgroAgrega/E-commerce-AgroAgrega/e-commerce-AgroAgrega/node_modules/@angular/core/fesm2022/testing.mjs:943:5)\n    at TestBedCompiler.configureTestingModule (file:///C:/Users/BPI0069418/Documents/AgroAgrega/E-commerce-AgroAgrega/e-commerce-AgroAgrega/node_modules/@angular/core/fesm2022/testing.mjs:567:12)\n    at TestBedImpl.configureTestingModule (file:///C:/Users/BPI0069418/Documents/AgroAgrega/E-commerce-AgroAgrega/e-commerce-AgroAgrega/node_modules/@angular/core/fesm2022/testing.mjs:1402:19)\n    at TestBedImpl.configureTestingModule (file:///C:/Users/BPI0069418/Documents/AgroAgrega/E-commerce-AgroAgrega/e-commerce-AgroAgrega/node_modules/@angular/core/fesm2022/testing.mjs:1273:33)\n    at C:/Users/BPI0069418/Documents/AgroAgrega/E-commerce-AgroAgrega/e-commerce-AgroAgrega/src/app/features/product-details/product-details.spec.ts:33:19\n    at file:///C:/Users/BPI0069418/Documents/AgroAgrega/E-commerce-AgroAgrega/e-commerce-AgroAgrega/node_modules/@vitest/runner/dist/chunk-artifact.js:302:11"],"meta":{},"tags":[]},{"ancestorTitles":["ProductDetails"],"fullName":"ProductDetails should return to the first image after the last image","status":"failed","title":"should return to the first image after the last image","duration":0.31780000000071595,"failureMessages":["Error: Component 'ProductDetails' is not resolved:\n - templateUrl: ./product-details.html\n - styleUrl: ./product-details.css\nDid you run and wait for 'resolveComponentResources()'?\n    at ProductDetails.get (file:///C:/Users/BPI0069418/Documents/AgroAgrega/E-commerce-AgroAgrega/e-commerce-AgroAgrega/node_modules/@angular/core/fesm2022/_debug_node-chunk.mjs:17800:17)\n    at getComponentDef (file:///C:/Users/BPI0069418/Documents/AgroAgrega/E-commerce-AgroAgrega/e-commerce-AgroAgrega/node_modules/@angular/core/fesm2022/testing.mjs:1154:16)\n    at isStandaloneComponent (file:///C:/Users/BPI0069418/Documents/AgroAgrega/E-commerce-AgroAgrega/e-commerce-AgroAgrega/node_modules/@angular/core/fesm2022/testing.mjs:1150:15)\n    at queueTypesFromModulesArrayRecur (file:///C:/Users/BPI0069418/Documents/AgroAgrega/E-commerce-AgroAgrega/e-commerce-AgroAgrega/node_modules/@angular/core/fesm2022/testing.mjs:925:20)\n    at TestBedCompiler.queueTypesFromModulesArray (file:///C:/Users/BPI0069418/Documents/AgroAgrega/E-commerce-AgroAgrega/e-commerce-AgroAgrega/node_modules/@angular/core/fesm2022/testing.mjs:943:5)\n    at TestBedCompiler.configureTestingModule (file:///C:/Users/BPI0069418/Documents/AgroAgrega/E-commerce-AgroAgrega/e-commerce-AgroAgrega/node_modules/@angular/core/fesm2022/testing.mjs:567:12)\n    at TestBedImpl.configureTestingModule (file:///C:/Users/BPI0069418/Documents/AgroAgrega/E-commerce-AgroAgrega/e-commerce-AgroAgrega/node_modules/@angular/core/fesm2022/testing.mjs:1402:19)\n    at TestBedImpl.configureTestingModule (file:///C:/Users/BPI0069418/Documents/AgroAgrega/E-commerce-AgroAgrega/e-commerce-AgroAgrega/node_modules/@angular/core/fesm2022/testing.mjs:1273:33)\n    at C:/Users/BPI0069418/Documents/AgroAgrega/E-commerce-AgroAgrega/e-commerce-AgroAgrega/src/app/features/product-details/product-details.spec.ts:33:19\n    at file:///C:/Users/BPI0069418/Documents/AgroAgrega/E-commerce-AgroAgrega/e-commerce-AgroAgrega/node_modules/@vitest/runner/dist/chunk-artifact.js:302:11"],"meta":{},"tags":[]},{"ancestorTitles":["ProductDetails"],"fullName":"ProductDetails should move to the previous image","status":"failed","title":"should move to the previous image","duration":0.33210000000326545,"failureMessages":["Error: Component 'ProductDetails' is not resolved:\n - templateUrl: ./product-details.html\n - styleUrl: ./product-details.css\nDid you run and wait for 'resolveComponentResources()'?\n    at ProductDetails.get (file:///C:/Users/BPI0069418/Documents/AgroAgrega/E-commerce-AgroAgrega/e-commerce-AgroAgrega/node_modules/@angular/core/fesm2022/_debug_node-chunk.mjs:17800:17)\n    at getComponentDef (file:///C:/Users/BPI0069418/Documents/AgroAgrega/E-commerce-AgroAgrega/e-commerce-AgroAgrega/node_modules/@angular/core/fesm2022/testing.mjs:1154:16)\n    at isStandaloneComponent (file:///C:/Users/BPI0069418/Documents/AgroAgrega/E-commerce-AgroAgrega/e-commerce-AgroAgrega/node_modules/@angular/core/fesm2022/testing.mjs:1150:15)\n    at queueTypesFromModulesArrayRecur (file:///C:/Users/BPI0069418/Documents/AgroAgrega/E-commerce-AgroAgrega/e-commerce-AgroAgrega/node_modules/@angular/core/fesm2022/testing.mjs:925:20)\n    at TestBedCompiler.queueTypesFromModulesArray (file:///C:/Users/BPI0069418/Documents/AgroAgrega/E-commerce-AgroAgrega/e-commerce-AgroAgrega/node_modules/@angular/core/fesm2022/testing.mjs:943:5)\n    at TestBedCompiler.configureTestingModule (file:///C:/Users/BPI0069418/Documents/AgroAgrega/E-commerce-AgroAgrega/e-commerce-AgroAgrega/node_modules/@angular/core/fesm2022/testing.mjs:567:12)\n    at TestBedImpl.configureTestingModule (file:///C:/Users/BPI0069418/Documents/AgroAgrega/E-commerce-AgroAgrega/e-commerce-AgroAgrega/node_modules/@angular/core/fesm2022/testing.mjs:1402:19)\n    at TestBedImpl.configureTestingModule (file:///C:/Users/BPI0069418/Documents/AgroAgrega/E-commerce-AgroAgrega/e-commerce-AgroAgrega/node_modules/@angular/core/fesm2022/testing.mjs:1273:33)\n    at C:/Users/BPI0069418/Documents/AgroAgrega/E-commerce-AgroAgrega/e-commerce-AgroAgrega/src/app/features/product-details/product-details.spec.ts:33:19\n    at file:///C:/Users/BPI0069418/Documents/AgroAgrega/E-commerce-AgroAgrega/e-commerce-AgroAgrega/node_modules/@vitest/runner/dist/chunk-artifact.js:302:11"],"meta":{},"tags":[]},{"ancestorTitles":["ProductDetails"],"fullName":"ProductDetails should return to the last image when moving previous from the first image","status":"failed","title":"should return to the last image when moving previous from the first image","duration":0.36339999999836436,"failureMessages":["Error: Component 'ProductDetails' is not resolved:\n - templateUrl: ./product-details.html\n - styleUrl: ./product-details.css\nDid you run and wait for 'resolveComponentResources()'?\n    at ProductDetails.get (file:///C:/Users/BPI0069418/Documents/AgroAgrega/E-commerce-AgroAgrega/e-commerce-AgroAgrega/node_modules/@angular/core/fesm2022/_debug_node-chunk.mjs:17800:17)\n    at getComponentDef (file:///C:/Users/BPI0069418/Documents/AgroAgrega/E-commerce-AgroAgrega/e-commerce-AgroAgrega/node_modules/@angular/core/fesm2022/testing.mjs:1154:16)\n    at isStandaloneComponent (file:///C:/Users/BPI0069418/Documents/AgroAgrega/E-commerce-AgroAgrega/e-commerce-AgroAgrega/node_modules/@angular/core/fesm2022/testing.mjs:1150:15)\n    at queueTypesFromModulesArrayRecur (file:///C:/Users/BPI0069418/Documents/AgroAgrega/E-commerce-AgroAgrega/e-commerce-AgroAgrega/node_modules/@angular/core/fesm2022/testing.mjs:925:20)\n    at TestBedCompiler.queueTypesFromModulesArray (file:///C:/Users/BPI0069418/Documents/AgroAgrega/E-commerce-AgroAgrega/e-commerce-AgroAgrega/node_modules/@angular/core/fesm2022/testing.mjs:943:5)\n    at TestBedCompiler.configureTestingModule (file:///C:/Users/BPI0069418/Documents/AgroAgrega/E-commerce-AgroAgrega/e-commerce-AgroAgrega/node_modules/@angular/core/fesm2022/testing.mjs:567:12)\n    at TestBedImpl.configureTestingModule (file:///C:/Users/BPI0069418/Documents/AgroAgrega/E-commerce-AgroAgrega/e-commerce-AgroAgrega/node_modules/@angular/core/fesm2022/testing.mjs:1402:19)\n    at TestBedImpl.configureTestingModule (file:///C:/Users/BPI0069418/Documents/AgroAgrega/E-commerce-AgroAgrega/e-commerce-AgroAgrega/node_modules/@angular/core/fesm2022/testing.mjs:1273:33)\n    at C:/Users/BPI0069418/Documents/AgroAgrega/E-commerce-AgroAgrega/e-commerce-AgroAgrega/src/app/features/product-details/product-details.spec.ts:33:19\n    at file:///C:/Users/BPI0069418/Documents/AgroAgrega/E-commerce-AgroAgrega/e-commerce-AgroAgrega/node_modules/@vitest/runner/dist/chunk-artifact.js:302:11"],"meta":{},"tags":[]},{"ancestorTitles":["ProductDetails"],"fullName":"ProductDetails should not change image when product has no images","status":"failed","title":"should not change image when product has no images","duration":0.4591000000000349,"failureMessages":["Error: Component 'ProductDetails' is not resolved:\n - templateUrl: ./product-details.html\n - styleUrl: ./product-details.css\nDid you run and wait for 'resolveComponentResources()'?\n    at ProductDetails.get (file:///C:/Users/BPI0069418/Documents/AgroAgrega/E-commerce-AgroAgrega/e-commerce-AgroAgrega/node_modules/@angular/core/fesm2022/_debug_node-chunk.mjs:17800:17)\n    at getComponentDef (file:///C:/Users/BPI0069418/Documents/AgroAgrega/E-commerce-AgroAgrega/e-commerce-AgroAgrega/node_modules/@angular/core/fesm2022/testing.mjs:1154:16)\n    at isStandaloneComponent (file:///C:/Users/BPI0069418/Documents/AgroAgrega/E-commerce-AgroAgrega/e-commerce-AgroAgrega/node_modules/@angular/core/fesm2022/testing.mjs:1150:15)\n    at queueTypesFromModulesArrayRecur (file:///C:/Users/BPI0069418/Documents/AgroAgrega/E-commerce-AgroAgrega/e-commerce-AgroAgrega/node_modules/@angular/core/fesm2022/testing.mjs:925:20)\n    at TestBedCompiler.queueTypesFromModulesArray (file:///C:/Users/BPI0069418/Documents/AgroAgrega/E-commerce-AgroAgrega/e-commerce-AgroAgrega/node_modules/@angular/core/fesm2022/testing.mjs:943:5)\n    at TestBedCompiler.configureTestingModule (file:///C:/Users/BPI0069418/Documents/AgroAgrega/E-commerce-AgroAgrega/e-commerce-AgroAgrega/node_modules/@angular/core/fesm2022/testing.mjs:567:12)\n    at TestBedImpl.configureTestingModule (file:///C:/Users/BPI0069418/Documents/AgroAgrega/E-commerce-AgroAgrega/e-commerce-AgroAgrega/node_modules/@angular/core/fesm2022/testing.mjs:1402:19)\n    at TestBedImpl.configureTestingModule (file:///C:/Users/BPI0069418/Documents/AgroAgrega/E-commerce-AgroAgrega/e-commerce-AgroAgrega/node_modules/@angular/core/fesm2022/testing.mjs:1273:33)\n    at C:/Users/BPI0069418/Documents/AgroAgrega/E-commerce-AgroAgrega/e-commerce-AgroAgrega/src/app/features/product-details/product-details.spec.ts:33:19\n    at file:///C:/Users/BPI0069418/Documents/AgroAgrega/E-commerce-AgroAgrega/e-commerce-AgroAgrega/node_modules/@vitest/runner/dist/chunk-artifact.js:302:11"],"meta":{},"tags":[]},{"ancestorTitles":["ProductDetails"],"fullName":"ProductDetails should increase and decrease quantity within valid range","status":"failed","title":"should increase and decrease quantity within valid range","duration":0.28809999999793945,"failureMessages":["Error: Component 'ProductDetails' is not resolved:\n - templateUrl: ./product-details.html\n - styleUrl: ./product-details.css\nDid you run and wait for 'resolveComponentResources()'?\n    at ProductDetails.get (file:///C:/Users/BPI0069418/Documents/AgroAgrega/E-commerce-AgroAgrega/e-commerce-AgroAgrega/node_modules/@angular/core/fesm2022/_debug_node-chunk.mjs:17800:17)\n    at getComponentDef (file:///C:/Users/BPI0069418/Documents/AgroAgrega/E-commerce-AgroAgrega/e-commerce-AgroAgrega/node_modules/@angular/core/fesm2022/testing.mjs:1154:16)\n    at isStandaloneComponent (file:///C:/Users/BPI0069418/Documents/AgroAgrega/E-commerce-AgroAgrega/e-commerce-AgroAgrega/node_modules/@angular/core/fesm2022/testing.mjs:1150:15)\n    at queueTypesFromModulesArrayRecur (file:///C:/Users/BPI0069418/Documents/AgroAgrega/E-commerce-AgroAgrega/e-commerce-AgroAgrega/node_modules/@angular/core/fesm2022/testing.mjs:925:20)\n    at TestBedCompiler.queueTypesFromModulesArray (file:///C:/Users/BPI0069418/Documents/AgroAgrega/E-commerce-AgroAgrega/e-commerce-AgroAgrega/node_modules/@angular/core/fesm2022/testing.mjs:943:5)\n    at TestBedCompiler.configureTestingModule (file:///C:/Users/BPI0069418/Documents/AgroAgrega/E-commerce-AgroAgrega/e-commerce-AgroAgrega/node_modules/@angular/core/fesm2022/testing.mjs:567:12)\n    at TestBedImpl.configureTestingModule (file:///C:/Users/BPI0069418/Documents/AgroAgrega/E-commerce-AgroAgrega/e-commerce-AgroAgrega/node_modules/@angular/core/fesm2022/testing.mjs:1402:19)\n    at TestBedImpl.configureTestingModule (file:///C:/Users/BPI0069418/Documents/AgroAgrega/E-commerce-AgroAgrega/e-commerce-AgroAgrega/node_modules/@angular/core/fesm2022/testing.mjs:1273:33)\n    at C:/Users/BPI0069418/Documents/AgroAgrega/E-commerce-AgroAgrega/e-commerce-AgroAgrega/src/app/features/product-details/product-details.spec.ts:33:19\n    at file:///C:/Users/BPI0069418/Documents/AgroAgrega/E-commerce-AgroAgrega/e-commerce-AgroAgrega/node_modules/@vitest/runner/dist/chunk-artifact.js:302:11"],"meta":{},"tags":[]},{"ancestorTitles":["ProductDetails"],"fullName":"ProductDetails should identify when product exists","status":"failed","title":"should identify when product exists","duration":0.22749999999723514,"failureMessages":["Error: Component 'ProductDetails' is not resolved:\n - templateUrl: ./product-details.html\n - styleUrl: ./product-details.css\nDid you run and wait for 'resolveComponentResources()'?\n    at ProductDetails.get (file:///C:/Users/BPI0069418/Documents/AgroAgrega/E-commerce-AgroAgrega/e-commerce-AgroAgrega/node_modules/@angular/core/fesm2022/_debug_node-chunk.mjs:17800:17)\n    at getComponentDef (file:///C:/Users/BPI0069418/Documents/AgroAgrega/E-commerce-AgroAgrega/e-commerce-AgroAgrega/node_modules/@angular/core/fesm2022/testing.mjs:1154:16)\n    at isStandaloneComponent (file:///C:/Users/BPI0069418/Documents/AgroAgrega/E-commerce-AgroAgrega/e-commerce-AgroAgrega/node_modules/@angular/core/fesm2022/testing.mjs:1150:15)\n    at queueTypesFromModulesArrayRecur (file:///C:/Users/BPI0069418/Documents/AgroAgrega/E-commerce-AgroAgrega/e-commerce-AgroAgrega/node_modules/@angular/core/fesm2022/testing.mjs:925:20)\n    at TestBedCompiler.queueTypesFromModulesArray (file:///C:/Users/BPI0069418/Documents/AgroAgrega/E-commerce-AgroAgrega/e-commerce-AgroAgrega/node_modules/@angular/core/fesm2022/testing.mjs:943:5)\n    at TestBedCompiler.configureTestingModule (file:///C:/Users/BPI0069418/Documents/AgroAgrega/E-commerce-AgroAgrega/e-commerce-AgroAgrega/node_modules/@angular/core/fesm2022/testing.mjs:567:12)\n    at TestBedImpl.configureTestingModule (file:///C:/Users/BPI0069418/Documents/AgroAgrega/E-commerce-AgroAgrega/e-commerce-AgroAgrega/node_modules/@angular/core/fesm2022/testing.mjs:1402:19)\n    at TestBedImpl.configureTestingModule (file:///C:/Users/BPI0069418/Documents/AgroAgrega/E-commerce-AgroAgrega/e-commerce-AgroAgrega/node_modules/@angular/core/fesm2022/testing.mjs:1273:33)\n    at C:/Users/BPI0069418/Documents/AgroAgrega/E-commerce-AgroAgrega/e-commerce-AgroAgrega/src/app/features/product-details/product-details.spec.ts:33:19\n    at file:///C:/Users/BPI0069418/Documents/AgroAgrega/E-commerce-AgroAgrega/e-commerce-AgroAgrega/node_modules/@vitest/runner/dist/chunk-artifact.js:302:11"],"meta":{},"tags":[]},{"ancestorTitles":["ProductDetails"],"fullName":"ProductDetails should render product details","status":"failed","title":"should render product details","duration":0.2224000000023807,"failureMessages":["Error: Component 'ProductDetails' is not resolved:\n - templateUrl: ./product-details.html\n - styleUrl: ./product-details.css\nDid you run and wait for 'resolveComponentResources()'?\n    at ProductDetails.get (file:///C:/Users/BPI0069418/Documents/AgroAgrega/E-commerce-AgroAgrega/e-commerce-AgroAgrega/node_modules/@angular/core/fesm2022/_debug_node-chunk.mjs:17800:17)\n    at getComponentDef (file:///C:/Users/BPI0069418/Documents/AgroAgrega/E-commerce-AgroAgrega/e-commerce-AgroAgrega/node_modules/@angular/core/fesm2022/testing.mjs:1154:16)\n    at isStandaloneComponent (file:///C:/Users/BPI0069418/Documents/AgroAgrega/E-commerce-AgroAgrega/e-commerce-AgroAgrega/node_modules/@angular/core/fesm2022/testing.mjs:1150:15)\n    at queueTypesFromModulesArrayRecur (file:///C:/Users/BPI0069418/Documents/AgroAgrega/E-commerce-AgroAgrega/e-commerce-AgroAgrega/node_modules/@angular/core/fesm2022/testing.mjs:925:20)\n    at TestBedCompiler.queueTypesFromModulesArray (file:///C:/Users/BPI0069418/Documents/AgroAgrega/E-commerce-AgroAgrega/e-commerce-AgroAgrega/node_modules/@angular/core/fesm2022/testing.mjs:943:5)\n    at TestBedCompiler.configureTestingModule (file:///C:/Users/BPI0069418/Documents/AgroAgrega/E-commerce-AgroAgrega/e-commerce-AgroAgrega/node_modules/@angular/core/fesm2022/testing.mjs:567:12)\n    at TestBedImpl.configureTestingModule (file:///C:/Users/BPI0069418/Documents/AgroAgrega/E-commerce-AgroAgrega/e-commerce-AgroAgrega/node_modules/@angular/core/fesm2022/testing.mjs:1402:19)\n    at TestBedImpl.configureTestingModule (file:///C:/Users/BPI0069418/Documents/AgroAgrega/E-commerce-AgroAgrega/e-commerce-AgroAgrega/node_modules/@angular/core/fesm2022/testing.mjs:1273:33)\n    at C:/Users/BPI0069418/Documents/AgroAgrega/E-commerce-AgroAgrega/e-commerce-AgroAgrega/src/app/features/product-details/product-details.spec.ts:33:19\n    at file:///C:/Users/BPI0069418/Documents/AgroAgrega/E-commerce-AgroAgrega/e-commerce-AgroAgrega/node_modules/@vitest/runner/dist/chunk-artifact.js:302:11"],"meta":{},"tags":[]},{"ancestorTitles":["ProductDetails"],"fullName":"ProductDetails should call addCartItem with current product and quantity","status":"failed","title":"should call addCartItem with current product and quantity","duration":0.18950000000040745,"failureMessages":["Error: Component 'ProductDetails' is not resolved:\n - templateUrl: ./product-details.html\n - styleUrl: ./product-details.css\nDid you run and wait for 'resolveComponentResources()'?\n    at ProductDetails.get (file:///C:/Users/BPI0069418/Documents/AgroAgrega/E-commerce-AgroAgrega/e-commerce-AgroAgrega/node_modules/@angular/core/fesm2022/_debug_node-chunk.mjs:17800:17)\n    at getComponentDef (file:///C:/Users/BPI0069418/Documents/AgroAgrega/E-commerce-AgroAgrega/e-commerce-AgroAgrega/node_modules/@angular/core/fesm2022/testing.mjs:1154:16)\n    at isStandaloneComponent (file:///C:/Users/BPI0069418/Documents/AgroAgrega/E-commerce-AgroAgrega/e-commerce-AgroAgrega/node_modules/@angular/core/fesm2022/testing.mjs:1150:15)\n    at queueTypesFromModulesArrayRecur (file:///C:/Users/BPI0069418/Documents/AgroAgrega/E-commerce-AgroAgrega/e-commerce-AgroAgrega/node_modules/@angular/core/fesm2022/testing.mjs:925:20)\n    at TestBedCompiler.queueTypesFromModulesArray (file:///C:/Users/BPI0069418/Documents/AgroAgrega/E-commerce-AgroAgrega/e-commerce-AgroAgrega/node_modules/@angular/core/fesm2022/testing.mjs:943:5)\n    at TestBedCompiler.configureTestingModule (file:///C:/Users/BPI0069418/Documents/AgroAgrega/E-commerce-AgroAgrega/e-commerce-AgroAgrega/node_modules/@angular/core/fesm2022/testing.mjs:567:12)\n    at TestBedImpl.configureTestingModule (file:///C:/Users/BPI0069418/Documents/AgroAgrega/E-commerce-AgroAgrega/e-commerce-AgroAgrega/node_modules/@angular/core/fesm2022/testing.mjs:1402:19)\n    at TestBedImpl.configureTestingModule (file:///C:/Users/BPI0069418/Documents/AgroAgrega/E-commerce-AgroAgrega/e-commerce-AgroAgrega/node_modules/@angular/core/fesm2022/testing.mjs:1273:33)\n    at C:/Users/BPI0069418/Documents/AgroAgrega/E-commerce-AgroAgrega/e-commerce-AgroAgrega/src/app/features/product-details/product-details.spec.ts:33:19\n    at file:///C:/Users/BPI0069418/Documents/AgroAgrega/E-commerce-AgroAgrega/e-commerce-AgroAgrega/node_modules/@vitest/runner/dist/chunk-artifact.js:302:11"],"meta":{},"tags":[]},{"ancestorTitles":["ProductDetails"],"fullName":"ProductDetails should call addCartItem once with the selected quantity","status":"failed","title":"should call addCartItem once with the selected quantity","duration":0.2845000000015716,"failureMessages":["Error: Component 'ProductDetails' is not resolved:\n - templateUrl: ./product-details.html\n - styleUrl: ./product-details.css\nDid you run and wait for 'resolveComponentResources()'?\n    at ProductDetails.get (file:///C:/Users/BPI0069418/Documents/AgroAgrega/E-commerce-AgroAgrega/e-commerce-AgroAgrega/node_modules/@angular/core/fesm2022/_debug_node-chunk.mjs:17800:17)\n    at getComponentDef (file:///C:/Users/BPI0069418/Documents/AgroAgrega/E-commerce-AgroAgrega/e-commerce-AgroAgrega/node_modules/@angular/core/fesm2022/testing.mjs:1154:16)\n    at isStandaloneComponent (file:///C:/Users/BPI0069418/Documents/AgroAgrega/E-commerce-AgroAgrega/e-commerce-AgroAgrega/node_modules/@angular/core/fesm2022/testing.mjs:1150:15)\n    at queueTypesFromModulesArrayRecur (file:///C:/Users/BPI0069418/Documents/AgroAgrega/E-commerce-AgroAgrega/e-commerce-AgroAgrega/node_modules/@angular/core/fesm2022/testing.mjs:925:20)\n    at TestBedCompiler.queueTypesFromModulesArray (file:///C:/Users/BPI0069418/Documents/AgroAgrega/E-commerce-AgroAgrega/e-commerce-AgroAgrega/node_modules/@angular/core/fesm2022/testing.mjs:943:5)\n    at TestBedCompiler.configureTestingModule (file:///C:/Users/BPI0069418/Documents/AgroAgrega/E-commerce-AgroAgrega/e-commerce-AgroAgrega/node_modules/@angular/core/fesm2022/testing.mjs:567:12)\n    at TestBedImpl.configureTestingModule (file:///C:/Users/BPI0069418/Documents/AgroAgrega/E-commerce-AgroAgrega/e-commerce-AgroAgrega/node_modules/@angular/core/fesm2022/testing.mjs:1402:19)\n    at TestBedImpl.configureTestingModule (file:///C:/Users/BPI0069418/Documents/AgroAgrega/E-commerce-AgroAgrega/e-commerce-AgroAgrega/node_modules/@angular/core/fesm2022/testing.mjs:1273:33)\n    at C:/Users/BPI0069418/Documents/AgroAgrega/E-commerce-AgroAgrega/e-commerce-AgroAgrega/src/app/features/product-details/product-details.spec.ts:33:19\n    at file:///C:/Users/BPI0069418/Documents/AgroAgrega/E-commerce-AgroAgrega/e-commerce-AgroAgrega/node_modules/@vitest/runner/dist/chunk-artifact.js:302:11"],"meta":{},"tags":[]},{"ancestorTitles":["ProductDetails"],"fullName":"ProductDetails should not call addCartItem when product does not exist","status":"failed","title":"should not call addCartItem when product does not exist","duration":0.22629999999844586,"failureMessages":["Error: Component 'ProductDetails' is not resolved:\n - templateUrl: ./product-details.html\n - styleUrl: ./product-details.css\nDid you run and wait for 'resolveComponentResources()'?\n    at ProductDetails.get (file:///C:/Users/BPI0069418/Documents/AgroAgrega/E-commerce-AgroAgrega/e-commerce-AgroAgrega/node_modules/@angular/core/fesm2022/_debug_node-chunk.mjs:17800:17)\n    at getComponentDef (file:///C:/Users/BPI0069418/Documents/AgroAgrega/E-commerce-AgroAgrega/e-commerce-AgroAgrega/node_modules/@angular/core/fesm2022/testing.mjs:1154:16)\n    at isStandaloneComponent (file:///C:/Users/BPI0069418/Documents/AgroAgrega/E-commerce-AgroAgrega/e-commerce-AgroAgrega/node_modules/@angular/core/fesm2022/testing.mjs:1150:15)\n    at queueTypesFromModulesArrayRecur (file:///C:/Users/BPI0069418/Documents/AgroAgrega/E-commerce-AgroAgrega/e-commerce-AgroAgrega/node_modules/@angular/core/fesm2022/testing.mjs:925:20)\n    at TestBedCompiler.queueTypesFromModulesArray (file:///C:/Users/BPI0069418/Documents/AgroAgrega/E-commerce-AgroAgrega/e-commerce-AgroAgrega/node_modules/@angular/core/fesm2022/testing.mjs:943:5)\n    at TestBedCompiler.configureTestingModule (file:///C:/Users/BPI0069418/Documents/AgroAgrega/E-commerce-AgroAgrega/e-commerce-AgroAgrega/node_modules/@angular/core/fesm2022/testing.mjs:567:12)\n    at TestBedImpl.configureTestingModule (file:///C:/Users/BPI0069418/Documents/AgroAgrega/E-commerce-AgroAgrega/e-commerce-AgroAgrega/node_modules/@angular/core/fesm2022/testing.mjs:1402:19)\n    at TestBedImpl.configureTestingModule (file:///C:/Users/BPI0069418/Documents/AgroAgrega/E-commerce-AgroAgrega/e-commerce-AgroAgrega/node_modules/@angular/core/fesm2022/testing.mjs:1273:33)\n    at C:/Users/BPI0069418/Documents/AgroAgrega/E-commerce-AgroAgrega/e-commerce-AgroAgrega/src/app/features/product-details/product-details.spec.ts:33:19\n    at file:///C:/Users/BPI0069418/Documents/AgroAgrega/E-commerce-AgroAgrega/e-commerce-AgroAgrega/node_modules/@vitest/runner/dist/chunk-artifact.js:302:11"],"meta":{},"tags":[]},{"ancestorTitles":["ProductDetails"],"fullName":"ProductDetails should not add product when quantity is invalid","status":"failed","title":"should not add product when quantity is invalid","duration":0.18739999999888823,"failureMessages":["Error: Component 'ProductDetails' is not resolved:\n - templateUrl: ./product-details.html\n - styleUrl: ./product-details.css\nDid you run and wait for 'resolveComponentResources()'?\n    at ProductDetails.get (file:///C:/Users/BPI0069418/Documents/AgroAgrega/E-commerce-AgroAgrega/e-commerce-AgroAgrega/node_modules/@angular/core/fesm2022/_debug_node-chunk.mjs:17800:17)\n    at getComponentDef (file:///C:/Users/BPI0069418/Documents/AgroAgrega/E-commerce-AgroAgrega/e-commerce-AgroAgrega/node_modules/@angular/core/fesm2022/testing.mjs:1154:16)\n    at isStandaloneComponent (file:///C:/Users/BPI0069418/Documents/AgroAgrega/E-commerce-AgroAgrega/e-commerce-AgroAgrega/node_modules/@angular/core/fesm2022/testing.mjs:1150:15)\n    at queueTypesFromModulesArrayRecur (file:///C:/Users/BPI0069418/Documents/AgroAgrega/E-commerce-AgroAgrega/e-commerce-AgroAgrega/node_modules/@angular/core/fesm2022/testing.mjs:925:20)\n    at TestBedCompiler.queueTypesFromModulesArray (file:///C:/Users/BPI0069418/Documents/AgroAgrega/E-commerce-AgroAgrega/e-commerce-AgroAgrega/node_modules/@angular/core/fesm2022/testing.mjs:943:5)\n    at TestBedCompiler.configureTestingModule (file:///C:/Users/BPI0069418/Documents/AgroAgrega/E-commerce-AgroAgrega/e-commerce-AgroAgrega/node_modules/@angular/core/fesm2022/testing.mjs:567:12)\n    at TestBedImpl.configureTestingModule (file:///C:/Users/BPI0069418/Documents/AgroAgrega/E-commerce-AgroAgrega/e-commerce-AgroAgrega/node_modules/@angular/core/fesm2022/testing.mjs:1402:19)\n    at TestBedImpl.configureTestingModule (file:///C:/Users/BPI0069418/Documents/AgroAgrega/E-commerce-AgroAgrega/e-commerce-AgroAgrega/node_modules/@angular/core/fesm2022/testing.mjs:1273:33)\n    at C:/Users/BPI0069418/Documents/AgroAgrega/E-commerce-AgroAgrega/e-commerce-AgroAgrega/src/app/features/product-details/product-details.spec.ts:33:19\n    at file:///C:/Users/BPI0069418/Documents/AgroAgrega/E-commerce-AgroAgrega/e-commerce-AgroAgrega/node_modules/@vitest/runner/dist/chunk-artifact.js:302:11"],"meta":{},"tags":[]},{"ancestorTitles":["ProductDetails"],"fullName":"ProductDetails should identify when product does not exist","status":"failed","title":"should identify when product does not exist","duration":0.17469999999957508,"failureMessages":["Error: Component 'ProductDetails' is not resolved:\n - templateUrl: ./product-details.html\n - styleUrl: ./product-details.css\nDid you run and wait for 'resolveComponentResources()'?\n    at ProductDetails.get (file:///C:/Users/BPI0069418/Documents/AgroAgrega/E-commerce-AgroAgrega/e-commerce-AgroAgrega/node_modules/@angular/core/fesm2022/_debug_node-chunk.mjs:17800:17)\n    at getComponentDef (file:///C:/Users/BPI0069418/Documents/AgroAgrega/E-commerce-AgroAgrega/e-commerce-AgroAgrega/node_modules/@angular/core/fesm2022/testing.mjs:1154:16)\n    at isStandaloneComponent (file:///C:/Users/BPI0069418/Documents/AgroAgrega/E-commerce-AgroAgrega/e-commerce-AgroAgrega/node_modules/@angular/core/fesm2022/testing.mjs:1150:15)\n    at queueTypesFromModulesArrayRecur (file:///C:/Users/BPI0069418/Documents/AgroAgrega/E-commerce-AgroAgrega/e-commerce-AgroAgrega/node_modules/@angular/core/fesm2022/testing.mjs:925:20)\n    at TestBedCompiler.queueTypesFromModulesArray (file:///C:/Users/BPI0069418/Documents/AgroAgrega/E-commerce-AgroAgrega/e-commerce-AgroAgrega/node_modules/@angular/core/fesm2022/testing.mjs:943:5)\n    at TestBedCompiler.configureTestingModule (file:///C:/Users/BPI0069418/Documents/AgroAgrega/E-commerce-AgroAgrega/e-commerce-AgroAgrega/node_modules/@angular/core/fesm2022/testing.mjs:567:12)\n    at TestBedImpl.configureTestingModule (file:///C:/Users/BPI0069418/Documents/AgroAgrega/E-commerce-AgroAgrega/e-commerce-AgroAgrega/node_modules/@angular/core/fesm2022/testing.mjs:1402:19)\n    at TestBedImpl.configureTestingModule (file:///C:/Users/BPI0069418/Documents/AgroAgrega/E-commerce-AgroAgrega/e-commerce-AgroAgrega/node_modules/@angular/core/fesm2022/testing.mjs:1273:33)\n    at C:/Users/BPI0069418/Documents/AgroAgrega/E-commerce-AgroAgrega/e-commerce-AgroAgrega/src/app/features/product-details/product-details.spec.ts:33:19\n    at file:///C:/Users/BPI0069418/Documents/AgroAgrega/E-commerce-AgroAgrega/e-commerce-AgroAgrega/node_modules/@vitest/runner/dist/chunk-artifact.js:302:11"],"meta":{},"tags":[]}],"startTime":1789740936900,"endTime":1789740936912.2844,"status":"failed","message":"","name":"C:/Users/BPI0069418/Documents/AgroAgrega/E-commerce-AgroAgrega/e-commerce-AgroAgrega/src/app/features/product-details/product-details.spec.ts"},{"assertionResults":[{"ancestorTitles":["PrecoFormatadoPipe"],"fullName":"PrecoFormatadoPipe create an instance","status":"passed","title":"create an instance","duration":3.8478999999988446,"failureMessages":[],"meta":{},"tags":[]}],"startTime":1789740944435,"endTime":1789740944438.848,"status":"passed","message":"","name":"C:/Users/BPI0069418/Documents/AgroAgrega/E-commerce-AgroAgrega/e-commerce-AgroAgrega/src/app/shared/pipes/preco-formatado-pipe.spec.ts"},{"assertionResults":[{"ancestorTitles":["ForgotPassword"],"fullName":"ForgotPassword should create","status":"failed","title":"should create","duration":3.9906000000009954,"failureMessages":["Error: Component 'ForgotPassword' is not resolved:\n - templateUrl: ./forgot-password.html\n - styleUrl: ./forgot-password.css\nDid you run and wait for 'resolveComponentResources()'?\n    at ForgotPassword.get (file:///C:/Users/BPI0069418/Documents/AgroAgrega/E-commerce-AgroAgrega/e-commerce-AgroAgrega/node_modules/@angular/core/fesm2022/_debug_node-chunk.mjs:17800:17)\n    at getComponentDef (file:///C:/Users/BPI0069418/Documents/AgroAgrega/E-commerce-AgroAgrega/e-commerce-AgroAgrega/node_modules/@angular/core/fesm2022/testing.mjs:1154:16)\n    at isStandaloneComponent (file:///C:/Users/BPI0069418/Documents/AgroAgrega/E-commerce-AgroAgrega/e-commerce-AgroAgrega/node_modules/@angular/core/fesm2022/testing.mjs:1150:15)\n    at queueTypesFromModulesArrayRecur (file:///C:/Users/BPI0069418/Documents/AgroAgrega/E-commerce-AgroAgrega/e-commerce-AgroAgrega/node_modules/@angular/core/fesm2022/testing.mjs:925:20)\n    at TestBedCompiler.queueTypesFromModulesArray (file:///C:/Users/BPI0069418/Documents/AgroAgrega/E-commerce-AgroAgrega/e-commerce-AgroAgrega/node_modules/@angular/core/fesm2022/testing.mjs:943:5)\n    at TestBedCompiler.configureTestingModule (file:///C:/Users/BPI0069418/Documents/AgroAgrega/E-commerce-AgroAgrega/e-commerce-AgroAgrega/node_modules/@angular/core/fesm2022/testing.mjs:567:12)\n    at TestBedImpl.configureTestingModule (file:///C:/Users/BPI0069418/Documents/AgroAgrega/E-commerce-AgroAgrega/e-commerce-AgroAgrega/node_modules/@angular/core/fesm2022/testing.mjs:1402:19)\n    at TestBedImpl.configureTestingModule (file:///C:/Users/BPI0069418/Documents/AgroAgrega/E-commerce-AgroAgrega/e-commerce-AgroAgrega/node_modules/@angular/core/fesm2022/testing.mjs:1273:33)\n    at C:/Users/BPI0069418/Documents/AgroAgrega/E-commerce-AgroAgrega/e-commerce-AgroAgrega/src/app/features/auth/forgot-password/forgot-password.spec.ts:11:19\n    at file:///C:/Users/BPI0069418/Documents/AgroAgrega/E-commerce-AgroAgrega/e-commerce-AgroAgrega/node_modules/@vitest/runner/dist/chunk-artifact.js:302:11"],"meta":{},"tags":[]}],"startTime":1789740933877,"endTime":1789740933880.9905,"status":"failed","message":"","name":"C:/Users/BPI0069418/Documents/AgroAgrega/E-commerce-AgroAgrega/e-commerce-AgroAgrega/src/app/features/auth/forgot-password/forgot-password.spec.ts"},{"assertionResults":[{"ancestorTitles":["Login"],"fullName":"Login should create","status":"failed","title":"should create","duration":4.378399999999601,"failureMessages":["Error: Component 'Login' is not resolved:\n - templateUrl: ./login.html\n - styleUrl: ./login.css\nDid you run and wait for 'resolveComponentResources()'?\n    at Login.get (file:///C:/Users/BPI0069418/Documents/AgroAgrega/E-commerce-AgroAgrega/e-commerce-AgroAgrega/node_modules/@angular/core/fesm2022/_debug_node-chunk.mjs:17800:17)\n    at getComponentDef (file:///C:/Users/BPI0069418/Documents/AgroAgrega/E-commerce-AgroAgrega/e-commerce-AgroAgrega/node_modules/@angular/core/fesm2022/testing.mjs:1154:16)\n    at isStandaloneComponent (file:///C:/Users/BPI0069418/Documents/AgroAgrega/E-commerce-AgroAgrega/e-commerce-AgroAgrega/node_modules/@angular/core/fesm2022/testing.mjs:1150:15)\n    at queueTypesFromModulesArrayRecur (file:///C:/Users/BPI0069418/Documents/AgroAgrega/E-commerce-AgroAgrega/e-commerce-AgroAgrega/node_modules/@angular/core/fesm2022/testing.mjs:925:20)\n    at TestBedCompiler.queueTypesFromModulesArray (file:///C:/Users/BPI0069418/Documents/AgroAgrega/E-commerce-AgroAgrega/e-commerce-AgroAgrega/node_modules/@angular/core/fesm2022/testing.mjs:943:5)\n    at TestBedCompiler.configureTestingModule (file:///C:/Users/BPI0069418/Documents/AgroAgrega/E-commerce-AgroAgrega/e-commerce-AgroAgrega/node_modules/@angular/core/fesm2022/testing.mjs:567:12)\n    at TestBedImpl.configureTestingModule (file:///C:/Users/BPI0069418/Documents/AgroAgrega/E-commerce-AgroAgrega/e-commerce-AgroAgrega/node_modules/@angular/core/fesm2022/testing.mjs:1402:19)\n    at TestBedImpl.configureTestingModule (file:///C:/Users/BPI0069418/Documents/AgroAgrega/E-commerce-AgroAgrega/e-commerce-AgroAgrega/node_modules/@angular/core/fesm2022/testing.mjs:1273:33)\n    at C:/Users/BPI0069418/Documents/AgroAgrega/E-commerce-AgroAgrega/e-commerce-AgroAgrega/src/app/features/auth/login/login.spec.ts:11:19\n    at file:///C:/Users/BPI0069418/Documents/AgroAgrega/E-commerce-AgroAgrega/e-commerce-AgroAgrega/node_modules/@vitest/runner/dist/chunk-artifact.js:302:11"],"meta":{},"tags":[]}],"startTime":1789740935482,"endTime":1789740935486.3784,"status":"failed","message":"","name":"C:/Users/BPI0069418/Documents/AgroAgrega/E-commerce-AgroAgrega/e-commerce-AgroAgrega/src/app/features/auth/login/login.spec.ts"},{"assertionResults":[{"ancestorTitles":["Register"],"fullName":"Register should create","status":"failed","title":"should create","duration":7.127200000000812,"failureMessages":["Error: Component 'Register' is not resolved:\n - templateUrl: ./register.html\n - styleUrl: ./register.css\nDid you run and wait for 'resolveComponentResources()'?\n    at Register.get (file:///C:/Users/BPI0069418/Documents/AgroAgrega/E-commerce-AgroAgrega/e-commerce-AgroAgrega/node_modules/@angular/core/fesm2022/_debug_node-chunk.mjs:17800:17)\n    at getComponentDef (file:///C:/Users/BPI0069418/Documents/AgroAgrega/E-commerce-AgroAgrega/e-commerce-AgroAgrega/node_modules/@angular/core/fesm2022/testing.mjs:1154:16)\n    at isStandaloneComponent (file:///C:/Users/BPI0069418/Documents/AgroAgrega/E-commerce-AgroAgrega/e-commerce-AgroAgrega/node_modules/@angular/core/fesm2022/testing.mjs:1150:15)\n    at queueTypesFromModulesArrayRecur (file:///C:/Users/BPI0069418/Documents/AgroAgrega/E-commerce-AgroAgrega/e-commerce-AgroAgrega/node_modules/@angular/core/fesm2022/testing.mjs:925:20)\n    at TestBedCompiler.queueTypesFromModulesArray (file:///C:/Users/BPI0069418/Documents/AgroAgrega/E-commerce-AgroAgrega/e-commerce-AgroAgrega/node_modules/@angular/core/fesm2022/testing.mjs:943:5)\n    at TestBedCompiler.configureTestingModule (file:///C:/Users/BPI0069418/Documents/AgroAgrega/E-commerce-AgroAgrega/e-commerce-AgroAgrega/node_modules/@angular/core/fesm2022/testing.mjs:567:12)\n    at TestBedImpl.configureTestingModule (file:///C:/Users/BPI0069418/Documents/AgroAgrega/E-commerce-AgroAgrega/e-commerce-AgroAgrega/node_modules/@angular/core/fesm2022/testing.mjs:1402:19)\n    at TestBedImpl.configureTestingModule (file:///C:/Users/BPI0069418
[...]
odules/@angular/core/fesm2022/_debug_node-chunk.mjs:17800:17)\n    at getComponentDef (file:///C:/Users/BPI0069418/Documents/AgroAgrega/E-commerce-AgroAgrega/e-commerce-AgroAgrega/node_modules/@angular/core/fesm2022/_effect-chunk2.mjs:489:14)\n    at isStandalone (file:///C:/Users/BPI0069418/Documents/AgroAgrega/E-commerce-AgroAgrega/e-commerce-AgroAgrega/node_modules/@angular/core/fesm2022/_effect-chunk2.mjs:512:15)\n    at components (file:///C:/Users/BPI0069418/Documents/AgroAgrega/E-commerce-AgroAgrega/e-commerce-AgroAgrega/node_modules/@testing-library/angular/fesm2022/testing-library-angular.mjs:387:62)\n    at addAutoDeclarations (file:///C:/Users/BPI0069418/Documents/AgroAgrega/E-commerce-AgroAgrega/e-commerce-AgroAgrega/node_modules/@testing-library/angular/fesm2022/testing-library-angular.mjs:388:46)\n    at render (file:///C:/Users/BPI0069418/Documents/AgroAgrega/E-commerce-AgroAgrega/e-commerce-AgroAgrega/node_modules/@testing-library/angular/fesm2022/testing-library-angular.mjs:55:23)\n    at C:/Users/BPI0069418/Documents/AgroAgrega/E-commerce-AgroAgrega/e-commerce-AgroAgrega/src/app/shared/components/footer/footer.spec.ts:8:11\n    at file:///C:/Users/BPI0069418/Documents/AgroAgrega/E-commerce-AgroAgrega/e-commerce-AgroAgrega/node_modules/@vitest/runner/dist/chunk-artifact.js:302:11\n    at file:///C:/Users/BPI0069418/Documents/AgroAgrega/E-commerce-AgroAgrega/e-commerce-AgroAgrega/node_modules/@vitest/runner/dist/chunk-artifact.js:1903:26\n    at file:///C:/Users/BPI0069418/Documents/AgroAgrega/E-commerce-AgroAgrega/e-commerce-AgroAgrega/node_modules/@vitest/runner/dist/chunk-artifact.js:2326:20"],"meta":{},"tags":[]}],"startTime":1789740933671,"endTime":1789740933677.3862,"status":"failed","message":"","name":"C:/Users/BPI0069418/Documents/AgroAgrega/E-commerce-AgroAgrega/e-commerce-AgroAgrega/src/app/shared/components/footer/footer.spec.ts"},{"assertionResults":[{"ancestorTitles":["Receipt"],"fullName":"Receipt should be created","status":"passed","title":"should be created","duration":8.299799999998868,"failureMessages":[],"meta":{},"tags":[]}],"startTime":1789740944359,"endTime":1789740944367.2998,"status":"passed","message":"","name":"C:/Users/BPI0069418/Documents/AgroAgrega/E-commerce-AgroAgrega/e-commerce-AgroAgrega/src/app/core/services/receipt/receipt.spec.ts"},{"assertionResults":[{"ancestorTitles":["Header"],"fullName":"Header should create","status":"failed","title":"should create","duration":4.0931000000018685,"failureMessages":["Error: Component 'Header' is not resolved:\n - templateUrl: ./header.html\n - styleUrl: ./header.css\nDid you run and wait for 'resolveComponentResources()'?\n    at Header.get (file:///C:/Users/BPI0069418/Documents/AgroAgrega/E-commerce-AgroAgrega/e-commerce-AgroAgrega/node_modules/@angular/core/fesm2022/_debug_node-chunk.mjs:17800:17)\n    at getComponentDef (file:///C:/Users/BPI0069418/Documents/AgroAgrega/E-commerce-AgroAgrega/e-commerce-AgroAgrega/node_modules/@angular/core/fesm2022/testing.mjs:1154:16)\n    at isStandaloneComponent (file:///C:/Users/BPI0069418/Documents/AgroAgrega/E-commerce-AgroAgrega/e-commerce-AgroAgrega/node_modules/@angular/core/fesm2022/testing.mjs:1150:15)\n    at queueTypesFromModulesArrayRecur (file:///C:/Users/BPI0069418/Documents/AgroAgrega/E-commerce-AgroAgrega/e-commerce-AgroAgrega/node_modules/@angular/core/fesm2022/testing.mjs:925:20)\n    at TestBedCompiler.queueTypesFromModulesArray (file:///C:/Users/BPI0069418/Documents/AgroAgrega/E-commerce-AgroAgrega/e-commerce-AgroAgrega/node_modules/@angular/core/fesm2022/testing.mjs:943:5)\n    at TestBedCompiler.configureTestingModule (file:///C:/Users/BPI0069418/Documents/AgroAgrega/E-commerce-AgroAgrega/e-commerce-AgroAgrega/node_modules/@angular/core/fesm2022/testing.mjs:567:12)\n    at TestBedImpl.configureTestingModule (file:///C:/Users/BPI0069418/Documents/AgroAgrega/E-commerce-AgroAgrega/e-commerce-AgroAgrega/node_modules/@angular/core/fesm2022/testing.mjs:1402:19)\n    at TestBedImpl.configureTestingModule (file:///C:/Users/BPI0069418/Documents/AgroAgrega/E-commerce-AgroAgrega/e-commerce-AgroAgrega/node_modules/@angular/core/fesm2022/testing.mjs:1273:33)\n    at C:/Users/BPI0069418/Documents/AgroAgrega/E-commerce-AgroAgrega/e-commerce-AgroAgrega/src/app/shared/components/header/header.spec.ts:11:19\n    at file:///C:/Users/BPI0069418/Documents/AgroAgrega/E-commerce-AgroAgrega/e-commerce-AgroAgrega/node_modules/@vitest/runner/dist/chunk-artifact.js:302:11"],"meta":{},"tags":[]}],"startTime":1789740935490,"endTime":1789740935494.093,"status":"failed","message":"","name":"C:/Users/BPI0069418/Documents/AgroAgrega/E-commerce-AgroAgrega/e-commerce-AgroAgrega/src/app/shared/components/header/header.spec.ts"},{"assertionResults":[{"ancestorTitles":["Favorites"],"fullName":"Favorites should create","status":"failed","title":"should create","duration":4.148400000000038,"failureMessages":["Error: Component 'FavoritesComponent' is not resolved:\n - templateUrl: ./favorites.component.html\n - styleUrl: ./favorites.component.css\nDid you run and wait for 'resolveComponentResources()'?\n    at FavoritesComponent.get (file:///C:/Users/BPI0069418/Documents/AgroAgrega/E-commerce-AgroAgrega/e-commerce-AgroAgrega/node_modules/@angular/core/fesm2022/_debug_node-chunk.mjs:17800:17)\n    at getComponentDef (file:///C:/Users/BPI0069418/Documents/AgroAgrega/E-commerce-AgroAgrega/e-commerce-AgroAgrega/node_modules/@angular/core/fesm2022/testing.mjs:1154:16)\n    at isStandaloneComponent (file:///C:/Users/BPI0069418/Documents/AgroAgrega/E-commerce-AgroAgrega/e-commerce-AgroAgrega/node_modules/@angular/core/fesm2022/testing.mjs:1150:15)\n    at queueTypesFromModulesArrayRecur (file:///C:/Users/BPI0069418/Documents/AgroAgrega/E-commerce-AgroAgrega/e-commerce-AgroAgrega/node_modules/@angular/core/fesm2022/testing.mjs:925:20)\n    at TestBedCompiler.queueTypesFromModulesArray (file:///C:/Users/BPI0069418/Documents/AgroAgrega/E-commerce-AgroAgrega/e-commerce-AgroAgrega/node_modules/@angular/core/fesm2022/testing.mjs:943:5)\n    at TestBedCompiler.configureTestingModule (file:///C:/Users/BPI0069418/Documents/AgroAgrega/E-commerce-AgroAgrega/e-commerce-AgroAgrega/node_modules/@angular/core/fesm2022/testing.mjs:567:12)\n    at TestBedImpl.configureTestingModule (file:///C:/Users/BPI0069418/Documents/AgroAgrega/E-commerce-AgroAgrega/e-commerce-AgroAgrega/node_modules/@angular/core/fesm2022/testing.mjs:1402:19)\n    at TestBedImpl.configureTestingModule (file:///C:/Users/BPI0069418/Documents/AgroAgrega/E-commerce-AgroAgrega/e-commerce-AgroAgrega/node_modules/@angular/core/fesm2022/testing.mjs:1273:33)\n    at C:/Users/BPI0069418/Documents/AgroAgrega/E-commerce-AgroAgrega/e-commerce-AgroAgrega/src/app/shared/components/favorites/favorites.spec.ts:10:19\n    at file:///C:/Users/BPI0069418/Documents/AgroAgrega/E-commerce-AgroAgrega/e-commerce-AgroAgrega/node_modules/@vitest/runner/dist/chunk-artifact.js:302:11"],"meta":{},"tags":[]}],"startTime":1789740933875,"endTime":1789740933879.1484,"status":"failed","message":"","name":"C:/Users/BPI0069418/Documents/AgroAgrega/E-commerce-AgroAgrega/e-commerce-AgroAgrega/src/app/shared/components/favorites/favorites.spec.ts"},{"assertionResults":[{"ancestorTitles":["Benefits"],"fullName":"Benefits should create","status":"failed","title":"should create","duration":4.019500000000335,"failureMessages":["Error: Component 'Benefits' is not resolved:\n - templateUrl: ./benefits.html\n - styleUrl: ./benefits.css\nDid you run and wait for 'resolveComponentResources()'?\n    at Benefits.get (file:///C:/Users/BPI0069418/Documents/AgroAgrega/E-commerce-AgroAgrega/e-commerce-AgroAgrega/node_modules/@angular/core/fesm2022/_debug_node-chunk.mjs:17800:17)\n    at getComponentDef (file:///C:/Users/BPI0069418/Documents/AgroAgrega/E-commerce-AgroAgrega/e-commerce-AgroAgrega/node_modules/@angular/core/fesm2022/testing.mjs:1154:16)\n    at isStandaloneComponent (file:///C:/Users/BPI0069418/Documents/AgroAgrega/E-commerce-AgroAgrega/e-commerce-AgroAgrega/node_modules/@angular/core/fesm2022/testing.mjs:1150:15)\n    at queueTypesFromModulesArrayRecur (file:///C:/Users/BPI0069418/Documents/AgroAgrega/E-commerce-AgroAgrega/e-commerce-AgroAgrega/node_modules/@angular/core/fesm2022/testing.mjs:925:20)\n    at TestBedCompiler.queueTypesFromModulesArray (file:///C:/Users/BPI0069418/Documents/AgroAgrega/E-commerce-AgroAgrega/e-commerce-AgroAgrega/node_modules/@angular/core/fesm2022/testing.mjs:943:5)\n    at TestBedCompiler.configureTestingModule (file:///C:/Users/BPI0069418/Documents/AgroAgrega/E-commerce-AgroAgrega/e-commerce-AgroAgrega/node_modules/@angular/core/fesm2022/testing.mjs:567:12)\n    at TestBedImpl.configureTestingModule (file:///C:/Users/BPI0069418/Documents/AgroAgrega/E-commerce-AgroAgrega/e-commerce-AgroAgrega/node_modules/@angular/core/fesm2022/testing.mjs:1402:19)\n    at TestBedImpl.configureTestingModule (file:///C:/Users/BPI0069418/Documents/AgroAgrega/E-commerce-AgroAgrega/e-commerce-AgroAgrega/node_modules/@angular/core/fesm2022/testing.mjs:1273:33)\n    at C:/Users/BPI0069418/Documents/AgroAgrega/E-commerce-AgroAgrega/e-commerce-AgroAgrega/src/app/features/home/components/benefits/benefits.spec.ts:10:19\n    at file:///C:/Users/BPI0069418/Documents/AgroAgrega/E-commerce-AgroAgrega/e-commerce-AgroAgrega/node_modules/@vitest/runner/dist/chunk-artifact.js:302:11"],"meta":{},"tags":[]}],"startTime":1789740934416,"endTime":1789740934420.0195,"status":"failed","message":"","name":"C:/Users/BPI0069418/Documents/AgroAgrega/E-commerce-AgroAgrega/e-commerce-AgroAgrega/src/app/features/home/components/benefits/benefits.spec.ts"},{"assertionResults":[{"ancestorTitles":["Hero"],"fullName":"Hero should create","status":"failed","title":"should create","duration":6.1854999999995925,"failureMessages":["Error: Component 'Hero' is not resolved:\n - templateUrl: ./hero.html\n - styleUrl: ./hero.css\nDid you run and wait for 'resolveComponentResources()'?\n    at Hero.get (file:///C:/Users/BPI0069418/Documents/AgroAgrega/E-commerce-AgroAgrega/e-commerce-AgroAgrega/node_modules/@angular/core/fesm2022/_debug_node-chunk.mjs:17800:17)\n    at getComponentDef (file:///C:/Users/BPI0069418/Documents/AgroAgrega/E-commerce-AgroAgrega/e-commerce-AgroAgrega/node_modules/@angular/core/fesm2022/testing.mjs:1154:16)\n    at isStandaloneComponent (file:///C:/Users/BPI0069418/Documents/AgroAgrega/E-commerce-AgroAgrega/e-commerce-AgroAgrega/node_modules/@angular/core/fesm2022/testing.mjs:1150:15)\n    at queueTypesFromModulesArrayRecur (file:///C:/Users/BPI0069418/Documents/AgroAgrega/E-commerce-AgroAgrega/e-commerce-AgroAgrega/node_modules/@angular/core/fesm2022/testing.mjs:925:20)\n    at TestBedCompiler.queueTypesFromModulesArray (file:///C:/Users/BPI0069418/Documents/AgroAgrega/E-commerce-AgroAgrega/e-commerce-AgroAgrega/node_modules/@angular/core/fesm2022/testing.mjs:943:5)\n    at TestBedCompiler.configureTestingModule (file:///C:/Users/BPI0069418/Documents/AgroAgrega/E-commerce-AgroAgrega/e-commerce-AgroAgrega/node_modules/@angular/core/fesm2022/testing.mjs:567:12)\n    at TestBedImpl.configureTestingModule (file:///C:/Users/BPI0069418/Documents/AgroAgrega/E-commerce-AgroAgrega/e-commerce-AgroAgrega/node_modules/@angular/core/fesm2022/testing.mjs:1402:19)\n    at TestBedImpl.configureTestingModule (file:///C:/Users/BPI0069418/Documents/AgroAgrega/E-commerce-AgroAgrega/e-commerce-AgroAgrega/node_modules/@angular/core/fesm2022/testing.mjs:1273:33)\n    at C:/Users/BPI0069418/Documents/AgroAgrega/E-commerce-AgroAgrega/e-commerce-AgroAgrega/src/app/features/home/components/hero/hero.spec.ts:11:19\n    at file:///C:/Users/BPI0069418/Documents/AgroAgrega/E-commerce-AgroAgrega/e-commerce-AgroAgrega/node_modules/@vitest/runner/dist/chunk-artifact.js:302:11"],"meta":{},"tags":[]}],"startTime":1789740932692,"endTime":1789740932698.1855,"status":"failed","message":"","name":"C:/Users/BPI0069418/Documents/AgroAgrega/E-commerce-AgroAgrega/e-commerce-AgroAgrega/src/app/features/home/components/hero/hero.spec.ts"},{"assertionResults":[{"ancestorTitles":["BestSellerCaroseul"],"fullName":"BestSellerCaroseul should create","status":"failed","title":"should create","duration":6.4922999999998865,"failureMessages":["Error: Component 'BestSellerCaroseul' is not resolved:\n - templateUrl: ./best-seller-caroseul.html\n - styleUrl: ./best-seller-caroseul.css\nDid you run and wait for 'resolveComponentResources()'?\n    at BestSellerCaroseul.get (file:///C:/Users/BPI0069418/Documents/AgroAgrega/E-commerce-AgroAgrega/e-commerce-AgroAgrega/node_modules/@angular/core/fesm2022/_debug_node-chunk.mjs:17800:17)\n    at getComponentDef (file:///C:/Users/BPI0069418/Documents/AgroAgrega/E-commerce-AgroAgrega/e-commerce-AgroAgrega/node_modules/@angular/core/fesm2022/testing.mjs:1154:16)\n    at isStandaloneComponent (file:///C:/Users/BPI0069418/Documents/AgroAgrega/E-commerce-AgroAgrega/e-commerce-AgroAgrega/node_modules/@angular/core/fesm2022/testing.mjs:1150:15)\n    at queueTypesFromModulesArrayRecur (file:///C:/Users/BPI0069418/Documents/AgroAgrega/E-commerce-AgroAgrega/e-commerce-AgroAgrega/node_modules/@angular/core/fesm2022/testing.mjs:925:20)\n    at TestBedCompiler.queueTypesFromModulesArray (file:///C:/Users/BPI0069418/Documents/AgroAgrega/E-commerce-AgroAgrega/e-commerce-AgroAgrega/node_modules/@angular/core/fesm2022/testing.mjs:943:5)\n    at TestBedCompiler.configureTestingModule (file:///C:/Users/BPI0069418/Documents/AgroAgrega/E-commerce-AgroAgrega/e-commerce-AgroAgrega/node_modules/@angular/core/fesm2022/testing.mjs:567:12)\n    at TestBedImpl.configureTestingModule (file:///C:/Users/BPI0069418/Documents/AgroAgrega/E-commerce-AgroAgrega/e-commerce-AgroAgrega/node_modules/@angular/core/fesm2022/testing.mjs:1402:19)\n    at TestBedImpl.configureTestingModule (file:///C:/Users/BPI0069418/Documents/AgroAgrega/E-commerce-AgroAgrega/e-commerce-AgroAgrega/node_modules/@angular/core/fesm2022/testing.mjs:1273:33)\n    at C:/Users/BPI0069418/Documents/AgroAgrega/E-commerce-AgroAgrega/e-commerce-AgroAgrega/src/app/features/home/components/best-seller-caroseul/best-seller-caroseul.spec.ts:10:19\n    at file:///C:/Users/BPI0069418/Documents/AgroAgrega/E-commerce-AgroAgrega/e-commerce-AgroAgrega/node_modules/@vitest/runner/dist/chunk-artifact.js:302:11"],"meta":{},"tags":[]}],"startTime":1789740932687,"endTime":1789740932693.4922,"status":"failed","message":"","name":"C:/Users/BPI0069418/Documents/AgroAgrega/E-commerce-AgroAgrega/e-commerce-AgroAgrega/src/app/features/home/components/best-seller-caroseul/best-seller-caroseul.spec.ts"},{"assertionResults":[{"ancestorTitles":["ProductCarousel"],"fullName":"ProductCarousel should create","status":"failed","title":"should create","duration":4.403800000000047,"failureMessages":["Error: Component 'ProductCarousel' is not resolved:\n - templateUrl: ./product-carousel.html\n - styleUrl: ./product-carousel.css\nDid you run and wait for 'resolveComponentResources()'?\n    at ProductCarousel.get (file:///C:/Users/BPI0069418/Documents/AgroAgrega/E-commerce-AgroAgrega/e-commerce-AgroAgrega/node_modules/@angular/core/fesm2022/_debug_node-chunk.mjs:17800:17)\n    at getComponentDef (file:///C:/Users/BPI0069418/Documents/AgroAgrega/E-commerce-AgroAgrega/e-commerce-AgroAgrega/node_modules/@angular/core/fesm2022/testing.mjs:1154:16)\n    at isStandaloneComponent (file:///C:/Users/BPI0069418/Documents/AgroAgrega/E-commerce-AgroAgrega/e-commerce-AgroAgrega/node_modules/@angular/core/fesm2022/testing.mjs:1150:15)\n    at queueTypesFromModulesArrayRecur (file:///C:/Users/BPI0069418/Documents/AgroAgrega/E-commerce-AgroAgrega/e-commerce-AgroAgrega/node_modules/@angular/core/fesm2022/testing.mjs:925:20)\n    at TestBedCompiler.queueTypesFromModulesArray (file:///C:/Users/BPI0069418/Documents/AgroAgrega/E-commerce-AgroAgrega/e-commerce-AgroAgrega/node_modules/@angular/core/fesm2022/testing.mjs:943:5)\n    at TestBedCompiler.configureTestingModule (file:///C:/Users/BPI0069418/Documents/AgroAgrega/E-commerce-AgroAgrega/e-commerce-AgroAgrega/node_modules/@angular/core/fesm2022/testing.mjs:567:12)\n    at TestBedImpl.configureTestingModule (file:///C:/Users/BPI0069418/Documents/AgroAgrega/E-commerce-AgroAgrega/e-commerce-AgroAgrega/node_modules/@angular/core/fesm2022/testing.mjs:1402:19)\n    at TestBedImpl.configureTestingModule (file:///C:/Users/BPI0069418/Documents/AgroAgrega/E-commerce-AgroAgrega/e-commerce-AgroAgrega/node_modules/@angular/core/fesm2022/testing.mjs:1273:33)\n    at C:/Users/BPI0069418/Documents/AgroAgrega/E-commerce-AgroAgrega/e-commerce-AgroAgrega/src/app/features/home/components/product-carousel/product-carousel.spec.ts:11:19\n    at file:///C:/Users/BPI0069418/Documents/AgroAgrega/E-commerce-AgroAgrega/e-commerce-AgroAgrega/node_modules/@vitest/runner/dist/chunk-artifact.js:302:11"],"meta":{},"tags":[]}],"startTime":1789740935484,"endTime":1789740935488.4038,"status":"failed","message":"","name":"C:/Users/BPI0069418/Documents/AgroAgrega/E-commerce-AgroAgrega/e-commerce-AgroAgrega/src/app/features/home/components/product-carousel/product-carousel.spec.ts"},{"assertionResults":[],"startTime":1789740917440,"endTime":1789740917440,"status":"failed","message":"Failed to resolve import \"@shared/pipes/preco-formatado-pipe\" from \"src/app/features/orders/order-details/order-details-card/order-details-card.ts\". Does the file exist?","name":"C:/Users/BPI0069418/Documents/AgroAgrega/E-commerce-AgroAgrega/e-commerce-AgroAgrega/src/app/features/orders/order-details/order-details-card/order-details-card.spec.ts"},{"assertionResults":[{"ancestorTitles":["OrderComponent"],"fullName":"OrderComponent should create","status":"failed","title":"should create","duration":4.267100000000937,"failureMessages":["Error: Component 'OrderComponent' is not resolved:\n - templateUrl: ./order.html\n - styleUrl: ./order.css\nDid you run and wait for 'resolveComponentResources()'?\n    at OrderComponent.get (file:///C:/Users/BPI0069418/Documents/AgroAgrega/E-commerce-AgroAgrega/e-commerce-AgroAgrega/node_modules/@angular/core/fesm2022/_debug_node-chunk.mjs:17800:17)\n    at getComponentDef (file:///C:/Users/BPI0069418/Documents/AgroAgrega/E-commerce-AgroAgrega/e-commerce-AgroAgrega/node_modules/@angular/core/fesm2022/testing.mjs:1154:16)\n    at isStandaloneComponent (file:///C:/Users/BPI0069418/Documents/AgroAgrega/E-commerce-AgroAgrega/e-commerce-AgroAgrega/node_modules/@angular/core/fesm2022/testing.mjs:1150:15)\n    at queueTypesFromModulesArrayRecur (file:///C:/Users/BPI0069418/Documents/AgroAgrega/E-commerce-AgroAgrega/e-commerce-AgroAgrega/node_modules/@angular/core/fesm2022/testing.mjs:925:20)\n    at TestBedCompiler.queueTypesFromModulesArray (file:///C:/Users/BPI0069418/Documents/AgroAgrega/E-commerce-AgroAgrega/e-commerce-AgroAgrega/node_modules/@angular/core/fesm2022/testing.mjs:943:5)\n    at TestBedCompiler.configureTestingModule (file:///C:/Users/BPI0069418/Documents/AgroAgrega/E-commerce-AgroAgrega/e-commerce-AgroAgrega/node_modules/@angular/core/fesm2022/testing.mjs:567:12)\n    at TestBedImpl.configureTestingModule (file:///C:/Users/BPI0069418/Documents/AgroAgrega/E-commerce-AgroAgrega/e-commerce-AgroAgrega/node_modules/@angular/core/fesm2022/testing.mjs:1402:19)\n    at TestBedImpl.configureTestingModule (file:///C:/Users/BPI0069418/Documents/AgroAgrega/E-commerce-AgroAgrega/e-commerce-AgroAgrega/node_modules/@angular/core/fesm2022/testing.mjs:1273:33)\n    at C:/Users/BPI0069418/Documents/AgroAgrega/E-commerce-AgroAgrega/e-commerce-AgroAgrega/src/app/features/orders/orders/order/order.spec.ts:12:19\n    at file:///C:/Users/BPI0069418/Documents/AgroAgrega/E-commerce-AgroAgrega/e-commerce-AgroAgrega/node_modules/@vitest/runner/dist/chunk-artifact.js:302:11"],"meta":{},"tags":[]}],"startTime":1789740935185,"endTime":1789740935189.267,"status":"failed","message":"","name":"C:/Users/BPI0069418/Documents/AgroAgrega/E-commerce-AgroAgrega/e-commerce-AgroAgrega/src/app/features/orders/orders/order/order.spec.ts"}]}